#
# There is insufficient memory for the Java Runtime Environment to continue.
# Native memory allocation (malloc) failed to allocate 1119936 bytes for Chunk::new
# Possible reasons:
#   The system is out of physical RAM or swap space
#   In 32 bit mode, the process size limit was hit
# Possible solutions:
#   Reduce memory load on the system
#   Increase physical memory or swap space
#   Check if swap backing store is full
#   Use 64 bit Java on a 64 bit OS
#   Decrease Java heap size (-Xmx/-Xms)
#   Decrease number of Java threads
#   Decrease Java thread stack sizes (-Xss)
#   Set larger code cache with -XX:ReservedCodeCacheSize=
# This output file may be truncated or incomplete.
#
#  Out of Memory Error (allocation.cpp:390), pid=4304, tid=0x0000000000000ac8
#
# JRE version: OpenJDK Runtime Environment (8.0_152-b02) (build 1.8.0_152-release-1024-b02)
# Java VM: OpenJDK 64-Bit Server VM (25.152-b02 mixed mode windows-amd64 compressed oops)
# Failed to write core dump. Minidumps are not enabled by default on client versions of Windows
#

---------------  T H R E A D  ---------------

Current thread (0x000000001844b000):  JavaThread "C2 CompilerThread0" daemon [_thread_in_native, id=2760, stack(0x0000000019ba0000,0x0000000019ca0000)]

Stack: [0x0000000019ba0000,0x0000000019ca0000]
[error occurred during error reporting (printing stack bounds), id 0xc0000005]

Native frames: (J=compiled Java code, j=interpreted, Vv=VM code, C=native code)


Current CompileTask:
C2: 285463 12446       4       com.android.dx.dex.file.DebugInfoEncoder::emitLocalsAtAddress (150 bytes)


---------------  P R O C E S S  ---------------

Java Threads: ( => current thread )
  0x000000001c321800 JavaThread "pool-97-thread-4" [_thread_in_Java, id=1756, stack(0x0000000030930000,0x0000000030a30000)]
  0x000000001c320800 JavaThread "pool-97-thread-3" [_thread_blocked, id=4892, stack(0x0000000030830000,0x0000000030930000)]
  0x000000001c327800 JavaThread "pool-97-thread-2" [_thread_blocked, id=1840, stack(0x0000000030730000,0x0000000030830000)]
  0x000000001c326000 JavaThread "pool-98-thread-1" [_thread_blocked, id=7980, stack(0x0000000030630000,0x0000000030730000)]
  0x000000001c324800 JavaThread "pool-97-thread-1" [_thread_blocked, id=6016, stack(0x0000000030530000,0x0000000030630000)]
  0x000000001c323000 JavaThread "pool-94-thread-4" [_thread_blocked, id=2416, stack(0x0000000030430000,0x0000000030530000)]
  0x000000001e84a800 JavaThread "pool-94-thread-3" [_thread_blocked, id=2728, stack(0x0000000030330000,0x0000000030430000)]
  0x000000001e849000 JavaThread "pool-94-thread-2" [_thread_blocked, id=2236, stack(0x0000000030230000,0x0000000030330000)]
  0x000000001e847800 JavaThread "pool-95-thread-1" [_thread_blocked, id=5648, stack(0x0000000030130000,0x0000000030230000)]
  0x000000001e84c000 JavaThread "pool-94-thread-1" [_thread_blocked, id=4532, stack(0x0000000030030000,0x0000000030130000)]
  0x000000001c325000 JavaThread "pool-32-thread-4" [_thread_in_Java, id=7396, stack(0x000000002b330000,0x000000002b430000)]
  0x000000001c322000 JavaThread "pool-32-thread-3" [_thread_blocked, id=7148, stack(0x000000002b130000,0x000000002b230000)]
  0x000000001c326800 JavaThread "pool-32-thread-2" [_thread_blocked, id=3240, stack(0x000000002ab30000,0x000000002ac30000)]
  0x000000001e84c800 JavaThread "pool-34-thread-1" [_thread_blocked, id=4256, stack(0x0000000029e30000,0x0000000029f30000)]
  0x000000001e84b000 JavaThread "pool-32-thread-1" [_thread_blocked, id=6148, stack(0x0000000029d30000,0x0000000029e30000)]
  0x000000001e849800 JavaThread "pool-28-thread-4" [_thread_in_native, id=532, stack(0x0000000029a30000,0x0000000029b30000)]
  0x000000001e848000 JavaThread "pool-28-thread-3" [_thread_blocked, id=1312, stack(0x0000000029930000,0x0000000029a30000)]
  0x000000001e846800 JavaThread "pool-28-thread-2" [_thread_blocked, id=6228, stack(0x0000000029830000,0x0000000029930000)]
  0x000000001e83f000 JavaThread "pool-28-thread-1" [_thread_blocked, id=6596, stack(0x0000000029730000,0x0000000029830000)]
  0x000000001e846000 JavaThread "Cache update executor" [_thread_blocked, id=2768, stack(0x0000000029030000,0x0000000029130000)]
  0x000000001e83e800 JavaThread "Stdin handler" [_thread_blocked, id=3512, stack(0x0000000028f30000,0x0000000029030000)]
  0x000000001e845000 JavaThread "Asynchronous log dispatcher for DefaultDaemonConnection: socket connection from /127.0.0.1:56780 to /127.0.0.1:56819" [_thread_blocked, id=3036, stack(0x0000000028e30000,0x0000000028f30000)]
  0x000000001e843800 JavaThread "Daemon worker Thread 3" [_thread_blocked, id=8100, stack(0x0000000028d30000,0x0000000028e30000)]
  0x000000001e840000 JavaThread "Cancel handler" [_thread_blocked, id=2896, stack(0x0000000028c30000,0x0000000028d30000)]
  0x000000001e842000 JavaThread "Handler for socket connection from /127.0.0.1:56780 to /127.0.0.1:56819" [_thread_in_native, id=5720, stack(0x0000000028b30000,0x0000000028c30000)]
  0x000000001e843000 JavaThread "Daemon Thread 3" [_thread_blocked, id=6140, stack(0x0000000028a30000,0x0000000028b30000)]
  0x000000001e84d800 JavaThread "pool-6-thread-4" [_thread_blocked, id=2444, stack(0x0000000026830000,0x0000000026930000)]
  0x000000001e844800 JavaThread "pool-6-thread-3" [_thread_in_native, id=6872, stack(0x0000000025b30000,0x0000000025c30000)]
  0x000000001e841800 JavaThread "pool-6-thread-2" [_thread_blocked, id=4592, stack(0x0000000025730000,0x0000000025830000)]
  0x000000001e840800 JavaThread "pool-6-thread-1" [_thread_in_Java, id=7648, stack(0x0000000025630000,0x0000000025730000)]
  0x00000000201b1800 JavaThread "File lock request listener" [_thread_in_native, id=3996, stack(0x000000001e350000,0x000000001e450000)]
  0x000000001b08c000 JavaThread "pool-1-thread-1" [_thread_blocked, id=8184, stack(0x000000001dc50000,0x000000001dd50000)]
  0x000000001b60d800 JavaThread "Incoming local TCP Connector on port 56780" [_thread_in_native, id=2172, stack(0x000000001c1c0000,0x000000001c2c0000)]
  0x0000000019eb5000 JavaThread "Service Thread" daemon [_thread_blocked, id=5612, stack(0x000000001a2a0000,0x000000001a3a0000)]
  0x00000000184ae000 JavaThread "C1 CompilerThread2" daemon [_thread_blocked, id=76, stack(0x0000000019da0000,0x0000000019ea0000)]
  0x00000000184a3000 JavaThread "C2 CompilerThread1" daemon [_thread_in_native, id=4328, stack(0x0000000019ca0000,0x0000000019da0000)]
=>0x000000001844b000 JavaThread "C2 CompilerThread0" daemon [_thread_in_native, id=2760, stack(0x0000000019ba0000,0x0000000019ca0000)]
  0x0000000018455000 JavaThread "Attach Listener" daemon [_thread_blocked, id=7728, stack(0x0000000019aa0000,0x0000000019ba0000)]
  0x0000000018454000 JavaThread "Signal Dispatcher" daemon [_thread_blocked, id=5632, stack(0x00000000199a0000,0x0000000019aa0000)]
  0x0000000004ad6000 JavaThread "Finalizer" daemon [_thread_blocked, id=7908, stack(0x00000000196a0000,0x00000000197a0000)]
  0x0000000004ad1000 JavaThread "Reference Handler" daemon [_thread_blocked, id=5088, stack(0x00000000195a0000,0x00000000196a0000)]
  0x00000000049dd800 JavaThread "main" [_thread_blocked, id=6240, stack(0x0000000004830000,0x0000000004930000)]

Other Threads:
  0x0000000018415800 VMThread [stack: 0x00000000194a0000,0x00000000195a0000] [id=1092]
  0x0000000019eb7000 WatcherThread [stack: 0x000000001a3a0000,0x000000001a4a0000] [id=6300]

VM state:not at safepoint (normal execution)

VM Mutex/Monitor currently owned by a thread: None

Heap:
 PSYoungGen      total 370688K, used 131237K [0x00000000e0000000, 0x00000000fb580000, 0x0000000100000000)
  eden space 314368K, 26% used [0x00000000e0000000,0x00000000e523a8b0,0x00000000f3300000)
  from space 56320K, 83% used [0x00000000f6f80000,0x00000000f9d6eb50,0x00000000fa680000)
  to   space 61952K, 0% used [0x00000000f3300000,0x00000000f3300000,0x00000000f6f80000)
 ParOldGen       total 203264K, used 167278K [0x00000000a0000000, 0x00000000ac680000, 0x00000000e0000000)
  object space 203264K, 82% used [0x00000000a0000000,0x00000000aa35b948,0x00000000ac680000)
 Metaspace       used 60507K, capacity 62472K, committed 62720K, reserved 1103872K
  class space    used 7792K, capacity 8190K, committed 8192K, reserved 1048576K

Card table byte_map: [0x0000000013ea0000,0x00000000141b0000] byte_map_base: 0x00000000139a0000

Marking Bits: (ParMarkBitMap*) 0x0000000067b54970
 Begin Bits: [0x00000000147b0000, 0x0000000015fb0000)
 End Bits:   [0x0000000015fb0000, 0x00000000177b0000)

Polling page: 0x0000000002d10000

CodeCache: size=245760Kb used=34295Kb max_used=35150Kb free=211464Kb
 bounds [0x0000000004ae0000, 0x0000000006da0000, 0x0000000013ae0000]
 total_blobs=11033 nmethods=10259 adapters=686
 compilation: enabled

Compilation events (10 events):
Event: 285.099 Thread 0x00000000184ae000 12756       2       com.google.common.reflect.TypeResolver$TypeVariableKey::equals (23 bytes)
Event: 285.100 Thread 0x00000000184ae000 nmethod 12756 0x0000000006447490 code [0x0000000006447600, 0x0000000006447808]
Event: 285.101 Thread 0x00000000184ae000 12757       2       com.google.common.reflect.TypeResolver$TypeVariableKey::equalsTypeVariable (48 bytes)
Event: 285.101 Thread 0x00000000184ae000 nmethod 12757 0x0000000005df8c10 code [0x0000000005df8dc0, 0x0000000005df9058]
Event: 285.102 Thread 0x00000000184ae000 12754       2       com.google.common.reflect.TypeResolver::where (16 bytes)
Event: 285.103 Thread 0x00000000184ae000 nmethod 12754 0x0000000006685d50 code [0x0000000006685ec0, 0x00000000066860a8]
Event: 285.104 Thread 0x00000000184ae000 12755       2       com.google.common.reflect.Types::newParameterizedTypeWithOwner (51 bytes)
Event: 285.105 Thread 0x00000000184ae000 nmethod 12755 0x00000000065e7910 code [0x00000000065e7b20, 0x00000000065e8208]
Event: 285.179 Thread 0x00000000184ae000 12759  s!   2       java.lang.Thread::start (71 bytes)
Event: 285.180 Thread 0x00000000184ae000 nmethod 12759 0x0000000006190ad0 code [0x0000000006190c80, 0x0000000006191238]

GC Heap History (10 events):
Event: 279.255 GC heap before
{Heap before GC invocations=34 (full 4):
 PSYoungGen      total 262656K, used 234548K [0x00000000e0000000, 0x00000000f3d80000, 0x0000000100000000)
  eden space 229376K, 100% used [0x00000000e0000000,0x00000000ee000000,0x00000000ee000000)
  from space 33280K, 15% used [0x00000000ee000000,0x00000000ee50d048,0x00000000f0080000)
  to   space 33280K, 0% used [0x00000000f1d00000,0x00000000f1d00000,0x00000000f3d80000)
 ParOldGen       total 203264K, used 125448K [0x00000000a0000000, 0x00000000ac680000, 0x00000000e0000000)
  object space 203264K, 61% used [0x00000000a0000000,0x00000000a7a82288,0x00000000ac680000)
 Metaspace       used 60451K, capacity 62408K, committed 62464K, reserved 1103872K
  class space    used 7792K, capacity 8190K, committed 8192K, reserved 1048576K
Event: 279.341 GC heap after
Heap after GC invocations=34 (full 4):
 PSYoungGen      total 285184K, used 33262K [0x00000000e0000000, 0x00000000f4980000, 0x0000000100000000)
  eden space 251904K, 0% used [0x00000000e0000000,0x00000000e0000000,0x00000000ef600000)
  from space 33280K, 99% used [0x00000000f1d00000,0x00000000f3d7b8a0,0x00000000f3d80000)
  to   space 39936K, 0% used [0x00000000ef600000,0x00000000ef600000,0x00000000f1d00000)
 ParOldGen       total 203264K, used 128695K [0x00000000a0000000, 0x00000000ac680000, 0x00000000e0000000)
  object space 203264K, 63% used [0x00000000a0000000,0x00000000a7dadf30,0x00000000ac680000)
 Metaspace       used 60451K, capacity 62408K, committed 62464K, reserved 1103872K
  class space    used 7792K, capacity 8190K, committed 8192K, reserved 1048576K
}
Event: 280.612 GC heap before
{Heap before GC invocations=35 (full 4):
 PSYoungGen      total 285184K, used 285166K [0x00000000e0000000, 0x00000000f4980000, 0x0000000100000000)
  eden space 251904K, 100% used [0x00000000e0000000,0x00000000ef600000,0x00000000ef600000)
  from space 33280K, 99% used [0x00000000f1d00000,0x00000000f3d7b8a0,0x00000000f3d80000)
  to   space 39936K, 0% used [0x00000000ef600000,0x00000000ef600000,0x00000000f1d00000)
 ParOldGen       total 203264K, used 128695K [0x00000000a0000000, 0x00000000ac680000, 0x00000000e0000000)
  object space 203264K, 63% used [0x00000000a0000000,0x00000000a7dadf30,0x00000000ac680000)
 Metaspace       used 60472K, capacity 62408K, committed 62464K, reserved 1103872K
  class space    used 7792K, capacity 8190K, committed 8192K, reserved 1048576K
Event: 280.714 GC heap after
Heap after GC invocations=35 (full 4):
 PSYoungGen      total 291840K, used 39905K [0x00000000e0000000, 0x00000000f7400000, 0x0000000100000000)
  eden space 251904K, 0% used [0x00000000e0000000,0x00000000e0000000,0x00000000ef600000)
  from space 39936K, 99% used [0x00000000ef600000,0x00000000f1cf86b0,0x00000000f1d00000)
  to   space 48128K, 0% used [0x00000000f4500000,0x00000000f4500000,0x00000000f7400000)
 ParOldGen       total 203264K, used 133358K [0x00000000a0000000, 0x00000000ac680000, 0x00000000e0000000)
  object space 203264K, 65% used [0x00000000a0000000,0x00000000a823b828,0x00000000ac680000)
 Metaspace       used 60472K, capacity 62408K, committed 62464K, reserved 1103872K
  class space    used 7792K, capacity 8190K, committed 8192K, reserved 1048576K
}
Event: 281.991 GC heap before
{Heap before GC invocations=36 (full 4):
 PSYoungGen      total 291840K, used 291809K [0x00000000e0000000, 0x00000000f7400000, 0x0000000100000000)
  eden space 251904K, 100% used [0x00000000e0000000,0x00000000ef600000,0x00000000ef600000)
  from space 39936K, 99% used [0x00000000ef600000,0x00000000f1cf86b0,0x00000000f1d00000)
  to   space 48128K, 0% used [0x00000000f4500000,0x00000000f4500000,0x00000000f7400000)
 ParOldGen       total 203264K, used 133358K [0x00000000a0000000, 0x00000000ac680000, 0x00000000e0000000)
  object space 203264K, 65% used [0x00000000a0000000,0x00000000a823b828,0x00000000ac680000)
 Metaspace       used 60485K, capacity 62472K, committed 62720K, reserved 1103872K
  class space    used 7792K, capacity 8190K, committed 8192K, reserved 1048576K
Event: 282.108 GC heap after
Heap after GC invocations=36 (full 4):
 PSYoungGen      total 333312K, used 25566K [0x00000000e0000000, 0x00000000f7500000, 0x0000000100000000)
  eden space 285184K, 0% used [0x00000000e0000000,0x00000000e0000000,0x00000000f1680000)
  from space 48128K, 53% used [0x00000000f4500000,0x00000000f5df78d8,0x00000000f7400000)
  to   space 47616K, 0% used [0x00000000f1680000,0x00000000f1680000,0x00000000f4500000)
 ParOldGen       total 203264K, used 148379K [0x00000000a0000000, 0x00000000ac680000, 0x00000000e0000000)
  object space 203264K, 72% used [0x00000000a0000000,0x00000000a90e6d30,0x00000000ac680000)
 Metaspace       used 60485K, capacity 62472K, committed 62720K, reserved 1103872K
  class space    used 7792K, capacity 8190K, committed 8192K, reserved 1048576K
}
Event: 283.032 GC heap before
{Heap before GC invocations=37 (full 4):
 PSYoungGen      total 333312K, used 310750K [0x00000000e0000000, 0x00000000f7500000, 0x0000000100000000)
  eden space 285184K, 100% used [0x00000000e0000000,0x00000000f1680000,0x00000000f1680000)
  from space 48128K, 53% used [0x00000000f4500000,0x00000000f5df78d8,0x00000000f7400000)
  to   space 47616K, 0% used [0x00000000f1680000,0x00000000f1680000,0x00000000f4500000)
 ParOldGen       total 203264K, used 148379K [0x00000000a0000000, 0x00000000ac680000, 0x00000000e0000000)
  object space 203264K, 72% used [0x00000000a0000000,0x00000000a90e6d30,0x00000000ac680000)
 Metaspace       used 60487K, capacity 62472K, committed 62720K, reserved 1103872K
  class space    used 7792K, capacity 8190K, committed 8192K, reserved 1048576K
Event: 283.125 GC heap after
Heap after GC invocations=37 (full 4):
 PSYoungGen      total 332800K, used 47607K [0x00000000e0000000, 0x00000000fa680000, 0x0000000100000000)
  eden space 285184K, 0% used [0x00000000e0000000,0x00000000e0000000,0x00000000f1680000)
  from space 47616K, 99% used [0x00000000f1680000,0x00000000f44fddb8,0x00000000f4500000)
  to   space 56320K, 0% used [0x00000000f6f80000,0x00000000f6f80000,0x00000000fa680000)
 ParOldGen       total 203264K, used 150682K [0x00000000a0000000, 0x00000000ac680000, 0x00000000e0000000)
  object space 203264K, 74% used [0x00000000a0000000,0x00000000a9326870,0x00000000ac680000)
 Metaspace       used 60487K, capacity 62472K, committed 62720K, reserved 1103872K
  class space    used 7792K, capacity 8190K, committed 8192K, reserved 1048576K
}
Event: 284.776 GC heap before
{Heap before GC invocations=38 (full 4):
 PSYoungGen      total 332800K, used 332791K [0x00000000e0000000, 0x00000000fa680000, 0x0000000100000000)
  eden space 285184K, 100% used [0x00000000e0000000,0x00000000f1680000,0x00000000f1680000)
  from space 47616K, 99% used [0x00000000f1680000,0x00000000f44fddb8,0x00000000f4500000)
  to   space 56320K, 0% used [0x00000000f6f80000,0x00000000f6f80000,0x00000000fa680000)
 ParOldGen       total 203264K, used 150682K [0x00000000a0000000, 0x00000000ac680000, 0x00000000e0000000)
  object space 203264K, 74% used [0x00000000a0000000,0x00000000a9326870,0x00000000ac680000)
 Metaspace       used 60497K, capacity 62472K, committed 62720K, reserved 1103872K
  class space    used 7792K, capacity 8190K, committed 8192K, reserved 1048576K
Event: 285.053 GC heap after
Heap after GC invocations=38 (full 4):
 PSYoungGen      total 370688K, used 47034K [0x00000000e0000000, 0x00000000fb580000, 0x0000000100000000)
  eden space 314368K, 0% used [0x00000000e0000000,0x00000000e0000000,0x00000000f3300000)
  from space 56320K, 83% used [0x00000000f6f80000,0x00000000f9d6eb50,0x00000000fa680000)
  to   space 61952K, 0% used [0x00000000f3300000,0x00000000f3300000,0x00000000f6f80000)
 ParOldGen       total 203264K, used 167278K [0x00000000a0000000, 0x00000000ac680000, 0x00000000e0000000)
  object space 203264K, 82% used [0x00000000a0000000,0x00000000aa35b948,0x00000000ac680000)
 Metaspace       used 60497K, capacity 62472K, committed 62720K, reserved 1103872K
  class space    used 7792K, capacity 8190K, committed 8192K, reserved 1048576K
}

Deoptimization events (10 events):
Event: 281.573 Thread 0x000000001e846800 Uncommon trap: reason=array_check action=maybe_recompile pc=0x0000000005e2231c method=java.util.ComparableTimSort.binarySort([Ljava/lang/Object;III)V @ 193
Event: 281.580 Thread 0x000000001e846800 Uncommon trap: reason=array_check action=maybe_recompile pc=0x0000000005e2231c method=java.util.ComparableTimSort.binarySort([Ljava/lang/Object;III)V @ 193
Event: 281.584 Thread 0x000000001e846800 Uncommon trap: reason=array_check action=maybe_recompile pc=0x0000000005e2231c method=java.util.ComparableTimSort.binarySort([Ljava/lang/Object;III)V @ 193
Event: 281.587 Thread 0x000000001c320800 Uncommon trap: reason=unstable_if action=reinterpret pc=0x0000000006623674 method=com.android.dx.dex.code.LocalList$MakeState.aboutToProcess(II)V @ 54
Event: 282.142 Thread 0x000000001e848000 Uncommon trap: reason=array_check action=maybe_recompile pc=0x0000000005e2ca24 method=java.util.ComparableTimSort.binarySort([Ljava/lang/Object;III)V @ 215
Event: 282.143 Thread 0x000000001e848000 Uncommon trap: reason=array_check action=maybe_recompile pc=0x0000000005e2ca24 method=java.util.ComparableTimSort.binarySort([Ljava/lang/Object;III)V @ 215
Event: 282.874 Thread 0x000000001e84d800 Uncommon trap: reason=class_check action=maybe_recompile pc=0x000000000652223c method=com.android.dx.ssa.SCCP.replaceConstants()V @ 182
Event: 282.879 Thread 0x000000001e84d800 Uncommon trap: reason=class_check action=maybe_recompile pc=0x000000000652223c method=com.android.dx.ssa.SCCP.replaceConstants()V @ 182
Event: 283.020 Thread 0x000000001e84d800 Uncommon trap: reason=unstable_if action=reinterpret pc=0x0000000006d07ff8 method=com.android.dx.rop.code.DexTranslationAdvice.hasConstantOperation(Lcom/android/dx/rop/code/Rop;Lcom/android/dx/rop/code/RegisterSpec;Lcom/android/dx/rop/code/RegisterSpec;)Z
Event: 283.633 Thread 0x000000001c320800 Uncommon trap: reason=speculate_class_check action=maybe_recompile pc=0x00000000062ecec4 method=com.android.dx.rop.cst.TypedConstant.getBasicType()I @ 1

Classes redefined (0 events):
No events

Internal exceptions (10 events):
Event: 266.566 Thread 0x000000001e843800 Exception <a 'java/lang/reflect/InvocationTargetException'> (0x00000000ea926440) thrown at [D:\src\AOSP-openjdk-cygwin\jdk8u\hotspot\src\share\vm\runtime\reflection.cpp, line 1092]
Event: 279.029 Thread 0x000000001e848000 Exception <a 'sun/nio/fs/WindowsException'> (0x00000000e070d8d8) thrown at [D:\src\AOSP-openjdk-cygwin\jdk8u\hotspot\src\share\vm\prims\jni.cpp, line 709]
Event: 279.665 Thread 0x000000001e849800 Exception <a 'sun/nio/fs/WindowsException'> (0x00000000e31530f0) thrown at [D:\src\AOSP-openjdk-cygwin\jdk8u\hotspot\src\share\vm\prims\jni.cpp, line 709]
Event: 280.017 Thread 0x000000001e849800 Exception <a 'sun/nio/fs/WindowsException'> (0x00000000e317f498) thrown at [D:\src\AOSP-openjdk-cygwin\jdk8u\hotspot\src\share\vm\prims\jni.cpp, line 709]
Event: 280.202 Thread 0x000000001e846800 Exception <a 'sun/nio/fs/WindowsException'> (0x00000000e3057e48) thrown at [D:\src\AOSP-openjdk-cygwin\jdk8u\hotspot\src\share\vm\prims\jni.cpp, line 709]
Event: 282.114 Thread 0x000000001e849800 Exception <a 'sun/nio/fs/WindowsException'> (0x00000000e00d8c58) thrown at [D:\src\AOSP-openjdk-cygwin\jdk8u\hotspot\src\share\vm\prims\jni.cpp, line 709]
Event: 283.132 Thread 0x000000001e846800 Exception <a 'sun/nio/fs/WindowsException'> (0x00000000e017d3d8) thrown at [D:\src\AOSP-openjdk-cygwin\jdk8u\hotspot\src\share\vm\prims\jni.cpp, line 709]
Event: 283.822 Thread 0x000000001e849800 Exception <a 'sun/nio/fs/WindowsException'> (0x00000000e001acb0) thrown at [D:\src\AOSP-openjdk-cygwin\jdk8u\hotspot\src\share\vm\prims\jni.cpp, line 709]
Event: 283.907 Thread 0x000000001e846800 Exception <a 'sun/nio/fs/WindowsException'> (0x00000000e9576a70) thrown at [D:\src\AOSP-openjdk-cygwin\jdk8u\hotspot\src\share\vm\prims\jni.cpp, line 709]
Event: 284.464 Thread 0x000000001e848000 Exception <a 'sun/nio/fs/WindowsException'> (0x00000000ee94e198) thrown at [D:\src\AOSP-openjdk-cygwin\jdk8u\hotspot\src\share\vm\prims\jni.cpp, line 709]

Events (10 events):
Event: 285.180 Thread 0x000000001c327800 Thread added: 0x000000001c327800
Event: 285.182 Thread 0x000000001c320800 Thread added: 0x000000001c320800
Event: 285.182 Thread 0x000000001c321800 Thread added: 0x000000001c321800
Event: 285.185 Executing VM operation: RevokeBias
Event: 285.187 Executing VM operation: RevokeBias done
Event: 285.208 Thread 0x000000001e840800 DEOPT PACKING pc=0x0000000005fdaf46 sp=0x000000002572edf0
Event: 285.208 Thread 0x000000001e840800 DEOPT UNPACKING pc=0x0000000004b275d0 sp=0x000000002572eab8 mode 0
Event: 285.211 Thread 0x000000001e840800 DEOPT PACKING pc=0x00000000061c524c sp=0x000000002572e490
Event: 285.211 Thread 0x000000001e840800 DEOPT UNPACKING pc=0x0000000004b275d0 sp=0x000000002572e170 mode 0
Event: 285.283 Executing VM operation: RevokeBias


Dynamic libraries:
0x00007ff704220000 - 0x00007ff704251000 	C:\Program Files\Android\Android Studio\jre\bin\java.exe
0x00007ff89b7e0000 - 0x00007ff89b9c0000 	C:\WINDOWS\SYSTEM32\ntdll.dll
0x00007ff898cb0000 - 0x00007ff898d5e000 	C:\WINDOWS\System32\KERNEL32.DLL
0x00007ff8986e0000 - 0x00007ff898946000 	C:\WINDOWS\System32\KERNELBASE.dll
0x00007ff898d60000 - 0x00007ff898e01000 	C:\WINDOWS\System32\ADVAPI32.dll
0x00007ff89b480000 - 0x00007ff89b51d000 	C:\WINDOWS\System32\msvcrt.dll
0x00007ff89b1e0000 - 0x00007ff89b23b000 	C:\WINDOWS\System32\sechost.dll
0x00007ff89ac90000 - 0x00007ff89adaf000 	C:\WINDOWS\System32\RPCRT4.dll
0x00007ff89b5c0000 - 0x00007ff89b74f000 	C:\WINDOWS\System32\USER32.dll
0x00007ff898bc0000 - 0x00007ff898be0000 	C:\WINDOWS\System32\win32u.dll
0x00007ff89ac60000 - 0x00007ff89ac88000 	C:\WINDOWS\System32\GDI32.dll
0x00007ff897ce0000 - 0x00007ff897e73000 	C:\WINDOWS\System32\gdi32full.dll
0x00007ff898b20000 - 0x00007ff898bbb000 	C:\WINDOWS\System32\msvcp_win.dll
0x00007ff897be0000 - 0x00007ff897cd6000 	C:\WINDOWS\System32\ucrtbase.dll
0x00007ff88c2c0000 - 0x00007ff88c529000 	C:\WINDOWS\WinSxS\amd64_microsoft.windows.common-controls_6595b64144ccf1df_6.0.16299.371_none_15c7d1789365a290\COMCTL32.dll
0x00007ff89adc0000 - 0x00007ff89b0c8000 	C:\WINDOWS\System32\combase.dll
0x00007ff898c30000 - 0x00007ff898ca2000 	C:\WINDOWS\System32\bcryptPrimitives.dll
0x00007ff89aa50000 - 0x00007ff89aa7d000 	C:\WINDOWS\System32\IMM32.DLL
0x00000000672b0000 - 0x0000000067382000 	C:\Program Files\Android\Android Studio\jre\jre\bin\msvcr100.dll
0x0000000067390000 - 0x0000000067bcf000 	C:\Program Files\Android\Android Studio\jre\jre\bin\server\jvm.dll
0x00007ff89ac50000 - 0x00007ff89ac58000 	C:\WINDOWS\System32\PSAPI.DLL
0x00007ff8948d0000 - 0x00007ff8948d9000 	C:\WINDOWS\SYSTEM32\WSOCK32.dll
0x00007ff89b410000 - 0x00007ff89b47c000 	C:\WINDOWS\System32\WS2_32.dll
0x00007ff88d3c0000 - 0x00007ff88d3e3000 	C:\WINDOWS\SYSTEM32\WINMM.dll
0x00007ff891290000 - 0x00007ff89129a000 	C:\WINDOWS\SYSTEM32\VERSION.dll
0x00007ff88d2d0000 - 0x00007ff88d2fa000 	C:\WINDOWS\SYSTEM32\WINMMBASE.dll
0x00007ff898be0000 - 0x00007ff898c2a000 	C:\WINDOWS\System32\cfgmgr32.dll
0x00007ff892260000 - 0x00007ff89226f000 	C:\Program Files\Android\Android Studio\jre\jre\bin\verify.dll
0x00007ff88da10000 - 0x00007ff88da39000 	C:\Program Files\Android\Android Studio\jre\jre\bin\java.dll
0x00007ff8901b0000 - 0x00007ff8901c6000 	C:\Program Files\Android\Android Studio\jre\jre\bin\zip.dll
0x00007ff899460000 - 0x00007ff89a896000 	C:\WINDOWS\System32\SHELL32.dll
0x00007ff8993b0000 - 0x00007ff899456000 	C:\WINDOWS\System32\shcore.dll
0x00007ff897f90000 - 0x00007ff8986d7000 	C:\WINDOWS\System32\windows.storage.dll
0x00007ff89a9f0000 - 0x00007ff89aa41000 	C:\WINDOWS\System32\shlwapi.dll
0x00007ff897b30000 - 0x00007ff897b41000 	C:\WINDOWS\System32\kernel.appcore.dll
0x00007ff897b70000 - 0x00007ff897bbc000 	C:\WINDOWS\System32\powrprof.dll
0x00007ff897b50000 - 0x00007ff897b6b000 	C:\WINDOWS\System32\profapi.dll
0x00007ff88eb30000 - 0x00007ff88eb4a000 	C:\Program Files\Android\Android Studio\jre\jre\bin\net.dll
0x00007ff897360000 - 0x00007ff8973c6000 	C:\WINDOWS\system32\mswsock.dll
0x00007ff88d8c0000 - 0x00007ff88d8d1000 	C:\Program Files\Android\Android Studio\jre\jre\bin\nio.dll
0x00007ff88d9e0000 - 0x00007ff88d9fe000 	C:\Users\pedua\.gradle\native\23\windows-amd64\native-platform.dll
0x00007ff897520000 - 0x00007ff897537000 	C:\WINDOWS\SYSTEM32\CRYPTSP.dll
0x00007ff896f60000 - 0x00007ff896f93000 	C:\WINDOWS\system32\rsaenh.dll
0x00007ff897630000 - 0x00007ff897655000 	C:\WINDOWS\SYSTEM32\bcrypt.dll
0x00007ff897a60000 - 0x00007ff897a89000 	C:\WINDOWS\SYSTEM32\USERENV.dll
0x00007ff897540000 - 0x00007ff89754b000 	C:\WINDOWS\SYSTEM32\CRYPTBASE.dll
0x00007ff8970f0000 - 0x00007ff897129000 	C:\WINDOWS\SYSTEM32\IPHLPAPI.DLL
0x00007ff89b400000 - 0x00007ff89b408000 	C:\WINDOWS\System32\NSI.dll
0x00007ff892e40000 - 0x00007ff892e56000 	C:\WINDOWS\SYSTEM32\dhcpcsvc6.DLL
0x00007ff892e20000 - 0x00007ff892e3a000 	C:\WINDOWS\SYSTEM32\dhcpcsvc.DLL
0x00007ff892250000 - 0x00007ff89225d000 	C:\Program Files\Android\Android Studio\jre\jre\bin\management.dll
0x00007ff896c90000 - 0x00007ff896cc1000 	C:\WINDOWS\SYSTEM32\ntmarta.dll

VM Arguments:
jvm_args: -Xmx1536m -Dfile.encoding=windows-1252 -Duser.country=BR -Duser.language=pt -Duser.variant 
java_command: org.gradle.launcher.daemon.bootstrap.GradleDaemon 3.3
java_class_path (initial): C:\Users\pedua\.gradle\wrapper\dists\gradle-3.3-all\55gk2rcmfc6p2dg9u9ohc3hw9\gradle-3.3\lib\gradle-launcher-3.3.jar
Launcher Type: SUN_STANDARD

Environment Variables:
PATH=C:\Program Files\nodejs\;C:\Users\pedua\AppData\Local\Microsoft\WindowsApps;C:\Program Files (x86)\Android\android-sdk\tools;C:\Users\pedua\AppData\Roaming\npm
USERNAME=pedua
OS=Windows_NT
PROCESSOR_IDENTIFIER=Intel64 Family 6 Model 58 Stepping 9, GenuineIntel



---------------  S Y S T E M  ---------------

OS: Windows 10.0 , 64 bit Build 16299 (10.0.16299.15)

CPU:total 4 (initial active 4) (2 cores per cpu, 2 threads per core) family 6 model 58 stepping 9, cmov, cx8, fxsr, mmx, sse, sse2, sse3, ssse3, sse4.1, sse4.2, popcnt, avx, aes, clmul, erms, ht, tsc, tscinvbit, tscinv

Memory: 4k page, physical 4083992k(303328k free), swap 4083992k(5028k free)

vm_info: OpenJDK 64-Bit Server VM (25.152-b02) for windows-amd64 JRE (1.8.0_152-release-1024-b02), built by "builder" with MS VC++ 10.0 (VS2010)

time: Sat May 05 03:48:58 2018
elapsed time: 285 seconds (0d 0h 4m 45s)

