#
# There is insufficient memory for the Java Runtime Environment to continue.
# Native memory allocation (malloc) failed to allocate 131088 bytes for Chunk::new
# Possible reasons:
#   The system is out of physical RAM or swap space
#   In 32 bit mode, the process size limit was hit
# Possible solutions:
#   Reduce memory load on the system
#   Increase physical memory or swap space
#   Check if swap backing store is full
#   Use 64 bit Java on a 64 bit OS
#   Decrease Java heap size (-Xmx/-Xms)
#   Decrease number of Java threads
#   Decrease Java thread stack sizes (-Xss)
#   Set larger code cache with -XX:ReservedCodeCacheSize=
# This output file may be truncated or incomplete.
#
#  Out of Memory Error (allocation.cpp:390), pid=7772, tid=0x0000000000001d80
#
# JRE version: OpenJDK Runtime Environment (8.0_152-b02) (build 1.8.0_152-release-1024-b02)
# Java VM: OpenJDK 64-Bit Server VM (25.152-b02 mixed mode windows-amd64 compressed oops)
# Failed to write core dump. Minidumps are not enabled by default on client versions of Windows
#

---------------  T H R E A D  ---------------

Current thread (0x000000001883d800):  JavaThread "C2 CompilerThread1" daemon [_thread_in_native, id=7552, stack(0x000000001a0a0000,0x000000001a1a0000)]

Stack: [0x000000001a0a0000,0x000000001a1a0000]
[error occurred during error reporting (printing stack bounds), id 0xc0000005]

Native frames: (J=compiled Java code, j=interpreted, Vv=VM code, C=native code)


Current CompileTask:
C2:1082974 11865       4       com.android.dx.ssa.SsaRenamer$BlockRenamer::process (191 bytes)


---------------  P R O C E S S  ---------------

Java Threads: ( => current thread )
  0x000000001bf17800 JavaThread "pool-15-thread-4" [_thread_in_Java, id=8136, stack(0x0000000028590000,0x0000000028690000)]
  0x000000001bf1c000 JavaThread "pool-15-thread-3" [_thread_in_Java, id=6500, stack(0x0000000028490000,0x0000000028590000)]
  0x000000001bf15800 JavaThread "pool-12-thread-4" [_thread_in_Java, id=2764, stack(0x0000000028290000,0x0000000028390000)]
  0x000000001b477800 JavaThread "pool-12-thread-3" [_thread_in_Java, id=7440, stack(0x0000000028190000,0x0000000028290000)]
  0x000000001b479000 JavaThread "pool-12-thread-2" [_thread_in_vm, id=3772, stack(0x0000000028090000,0x0000000028190000)]
  0x000000002127e800 JavaThread "pool-14-thread-2" [_thread_in_Java, id=4696, stack(0x0000000027f90000,0x0000000028090000)]
  0x000000002127e000 JavaThread "pool-15-thread-2" [_thread_blocked, id=7240, stack(0x0000000027e90000,0x0000000027f90000)]
  0x000000002127d000 JavaThread "pool-17-thread-1" [_thread_blocked, id=6216, stack(0x0000000027d90000,0x0000000027e90000)]
  0x000000002127a000 JavaThread "pool-18-thread-1" [_thread_blocked, id=4448, stack(0x0000000027b90000,0x0000000027c90000)]
  0x0000000021278800 JavaThread "pool-19-thread-1" [_thread_blocked, id=7468, stack(0x0000000027a90000,0x0000000027b90000)]
  0x000000002127c800 JavaThread "pool-12-thread-1" [_thread_blocked, id=4516, stack(0x0000000027990000,0x0000000027a90000)]
  0x0000000021279800 JavaThread "pool-15-thread-1" [_thread_blocked, id=1992, stack(0x0000000027690000,0x0000000027790000)]
  0x0000000021271000 JavaThread "pool-11-thread-3" [_thread_in_native, id=7724, stack(0x0000000027590000,0x0000000027690000)]
  0x0000000021275800 JavaThread "pool-11-thread-1" [_thread_blocked, id=4400, stack(0x0000000027490000,0x0000000027590000)]
  0x0000000021276800 JavaThread "pool-11-thread-4" [_thread_in_Java, id=3240, stack(0x0000000027390000,0x0000000027490000)]
  0x0000000021270800 JavaThread "pool-11-thread-2" [_thread_in_native, id=5960, stack(0x0000000027290000,0x0000000027390000)]
  0x0000000021277000 JavaThread "pool-10-thread-4" [_thread_blocked, id=4860, stack(0x0000000027190000,0x0000000027290000)]
  0x0000000021274000 JavaThread "pool-10-thread-3" [_thread_blocked, id=2900, stack(0x0000000027090000,0x0000000027190000)]
  0x0000000021273800 JavaThread "pool-10-thread-2" [_thread_blocked, id=2344, stack(0x0000000026f90000,0x0000000027090000)]
  0x0000000021272000 JavaThread "pool-10-thread-1" [_thread_blocked, id=5884, stack(0x0000000026e90000,0x0000000026f90000)]
  0x0000000021272800 JavaThread "Cache update executor" [_thread_blocked, id=2236, stack(0x0000000026790000,0x0000000026890000)]
  0x000000001b476800 JavaThread "Asynchronous log dispatcher for DefaultDaemonConnection: socket connection from /127.0.0.1:49857 to /127.0.0.1:49909" [_thread_blocked, id=3940, stack(0x0000000026590000,0x0000000026690000)]
  0x000000001b476000 JavaThread "Cancel handler" [_thread_blocked, id=1192, stack(0x0000000026490000,0x0000000026590000)]
  0x000000001b474800 JavaThread "Handler for socket connection from /127.0.0.1:49857 to /127.0.0.1:49909" [_thread_in_native, id=800, stack(0x0000000026390000,0x0000000026490000)]
  0x000000001b475000 JavaThread "Daemon worker Thread 2" [_thread_blocked, id=416, stack(0x0000000025890000,0x0000000025990000)]
  0x000000001b47a800 JavaThread "Daemon Thread 2" [_thread_blocked, id=6892, stack(0x0000000025590000,0x0000000025690000)]
  0x000000001cf60000 JavaThread "File lock request listener" [_thread_in_native, id=7644, stack(0x000000001fb90000,0x000000001fc90000)]
  0x000000001b68c800 JavaThread "pool-1-thread-1" [_thread_blocked, id=5540, stack(0x000000001de30000,0x000000001df30000)]
  0x000000001bdc3800 JavaThread "Incoming local TCP Connector on port 49857" [_thread_in_native, id=8144, stack(0x000000001d040000,0x000000001d140000)]
  0x000000001a2c0800 JavaThread "Service Thread" daemon [_thread_blocked, id=3080, stack(0x000000001a6a0000,0x000000001a7a0000)]
  0x0000000018841000 JavaThread "C1 CompilerThread2" daemon [_thread_blocked, id=1736, stack(0x000000001a1a0000,0x000000001a2a0000)]
=>0x000000001883d800 JavaThread "C2 CompilerThread1" daemon [_thread_in_native, id=7552, stack(0x000000001a0a0000,0x000000001a1a0000)]
  0x000000001883a800 JavaThread "C2 CompilerThread0" daemon [_thread_blocked, id=3472, stack(0x0000000019fa0000,0x000000001a0a0000)]
  0x0000000018846000 JavaThread "Attach Listener" daemon [_thread_blocked, id=7120, stack(0x0000000019ea0000,0x0000000019fa0000)]
  0x0000000018844800 JavaThread "Signal Dispatcher" daemon [_thread_blocked, id=4276, stack(0x0000000019da0000,0x0000000019ea0000)]
  0x0000000004ecc000 JavaThread "Finalizer" daemon [_thread_blocked, id=2216, stack(0x0000000019aa0000,0x0000000019ba0000)]
  0x0000000004ec1000 JavaThread "Reference Handler" daemon [_thread_blocked, id=5684, stack(0x00000000199a0000,0x0000000019aa0000)]
  0x0000000002f6d800 JavaThread "main" [_thread_blocked, id=5004, stack(0x0000000004c40000,0x0000000004d40000)]

Other Threads:
  0x0000000018805800 VMThread [stack: 0x00000000198a0000,0x00000000199a0000] [id=7500]
  0x000000001a2c1000 WatcherThread [stack: 0x000000001a7a0000,0x000000001a8a0000] [id=6728]

VM state:not at safepoint (normal execution)

VM Mutex/Monitor currently owned by a thread: None

Heap:
 PSYoungGen      total 110080K, used 40336K [0x00000000e0000000, 0x00000000e7e00000, 0x0000000100000000)
  eden space 91136K, 44% used [0x00000000e0000000,0x00000000e2764088,0x00000000e5900000)
  from space 18944K, 0% used [0x00000000e5900000,0x00000000e5900000,0x00000000e6b80000)
  to   space 16384K, 0% used [0x00000000e6e00000,0x00000000e6e00000,0x00000000e7e00000)
 ParOldGen       total 97280K, used 33772K [0x00000000a0000000, 0x00000000a5f00000, 0x00000000e0000000)
  object space 97280K, 34% used [0x00000000a0000000,0x00000000a20fb0f8,0x00000000a5f00000)
 Metaspace       used 63121K, capacity 64618K, committed 65664K, reserved 1112064K
  class space    used 8016K, capacity 8364K, committed 8576K, reserved 1048576K

Card table byte_map: [0x0000000014290000,0x00000000145a0000] byte_map_base: 0x0000000013d90000

Marking Bits: (ParMarkBitMap*) 0x0000000067b74970
 Begin Bits: [0x0000000014ba0000, 0x00000000163a0000)
 End Bits:   [0x00000000163a0000, 0x0000000017ba0000)

Polling page: 0x0000000002f70000

CodeCache: size=245760Kb used=32995Kb max_used=33007Kb free=212764Kb
 bounds [0x0000000004ed0000, 0x0000000006f40000, 0x0000000013ed0000]
 total_blobs=10542 nmethods=9761 adapters=689
 compilation: disabled (not enough contiguous free space left)

Compilation events (10 events):
Event: 1082.792 Thread 0x0000000018841000 nmethod 11873 0x0000000006f30590 code [0x0000000006f30760, 0x0000000006f31148]
Event: 1082.792 Thread 0x0000000018841000 11880       3       com.android.dx.ssa.SsaMethod::removeFromUseList (57 bytes)
Event: 1082.793 Thread 0x0000000018841000 nmethod 11880 0x0000000006f2f810 code [0x0000000006f2f9e0, 0x0000000006f30228]
Event: 1082.793 Thread 0x0000000018841000 11881       3       com.android.dx.ssa.LocalVariableExtractor::doit (59 bytes)
Event: 1082.793 Thread 0x0000000018841000 nmethod 11881 0x0000000006f2ef50 code [0x0000000006f2f100, 0x0000000006f2f628]
Event: 1082.793 Thread 0x0000000018841000 11889       3       com.android.dx.ssa.SsaConverter::placePhiFunctions (394 bytes)
Event: 1082.798 Thread 0x000000001883a800 nmethod 11866 0x0000000006f392d0 code [0x0000000006f39440, 0x0000000006f399b8]
Event: 1082.798 Thread 0x000000001883a800 11868       4       com.android.dx.util.IntList::binarysearch (124 bytes)
Event: 1082.798 Thread 0x0000000018841000 

Event: 1082.801 Thread 0x000000001883a800 


GC Heap History (10 events):
Event: 1081.710 GC heap before
{Heap before GC invocations=28 (full 7):
 PSYoungGen      total 110080K, used 627K [0x00000000e0000000, 0x00000000e7e00000, 0x0000000100000000)
  eden space 91136K, 0% used [0x00000000e0000000,0x00000000e0000000,0x00000000e5900000)
  from space 18944K, 3% used [0x00000000e5900000,0x00000000e599ccc8,0x00000000e6b80000)
  to   space 16384K, 0% used [0x00000000e6e00000,0x00000000e6e00000,0x00000000e7e00000)
 ParOldGen       total 97280K, used 33908K [0x00000000a0000000, 0x00000000a5f00000, 0x00000000e0000000)
  object space 97280K, 34% used [0x00000000a0000000,0x00000000a211d3f8,0x00000000a5f00000)
 Metaspace       used 62365K, capacity 63850K, committed 64896K, reserved 1112064K
  class space    used 7967K, capacity 8300K, committed 8576K, reserved 1048576K
Event: 1081.864 GC heap after
Heap after GC invocations=28 (full 7):
 PSYoungGen      total 110080K, used 0K [0x00000000e0000000, 0x00000000e7e00000, 0x0000000100000000)
  eden space 91136K, 0% used [0x00000000e0000000,0x00000000e0000000,0x00000000e5900000)
  from space 18944K, 0% used [0x00000000e5900000,0x00000000e5900000,0x00000000e6b80000)
  to   space 16384K, 0% used [0x00000000e6e00000,0x00000000e6e00000,0x00000000e7e00000)
 ParOldGen       total 97280K, used 33013K [0x00000000a0000000, 0x00000000a5f00000, 0x00000000e0000000)
  object space 97280K, 33% used [0x00000000a0000000,0x00000000a203d538,0x00000000a5f00000)
 Metaspace       used 62365K, capacity 63850K, committed 64896K, reserved 1110016K
  class space    used 7967K, capacity 8300K, committed 8576K, reserved 1048576K
}
Event: 1081.864 GC heap before
{Heap before GC invocations=29 (full 7):
 PSYoungGen      total 110080K, used 0K [0x00000000e0000000, 0x00000000e7e00000, 0x0000000100000000)
  eden space 91136K, 0% used [0x00000000e0000000,0x00000000e0000000,0x00000000e5900000)
  from space 18944K, 0% used [0x00000000e5900000,0x00000000e5900000,0x00000000e6b80000)
  to   space 16384K, 0% used [0x00000000e6e00000,0x00000000e6e00000,0x00000000e7e00000)
 ParOldGen       total 97280K, used 33013K [0x00000000a0000000, 0x00000000a5f00000, 0x00000000e0000000)
  object space 97280K, 33% used [0x00000000a0000000,0x00000000a203d538,0x00000000a5f00000)
 Metaspace       used 62365K, capacity 63850K, committed 64896K, reserved 1114112K
  class space    used 7967K, capacity 8300K, committed 8576K, reserved 1048576K
Event: 1081.867 GC heap after
Heap after GC invocations=29 (full 7):
 PSYoungGen      total 107520K, used 0K [0x00000000e0000000, 0x00000000e7e00000, 0x0000000100000000)
  eden space 91136K, 0% used [0x00000000e0000000,0x00000000e0000000,0x00000000e5900000)
  from space 16384K, 0% used [0x00000000e6e00000,0x00000000e6e00000,0x00000000e7e00000)
  to   space 18944K, 0% used [0x00000000e5900000,0x00000000e5900000,0x00000000e6b80000)
 ParOldGen       total 97280K, used 33013K [0x00000000a0000000, 0x00000000a5f00000, 0x00000000e0000000)
  object space 97280K, 33% used [0x00000000a0000000,0x00000000a203d538,0x00000000a5f00000)
 Metaspace       used 62365K, capacity 63850K, committed 64896K, reserved 1114112K
  class space    used 7967K, capacity 8300K, committed 8576K, reserved 1048576K
}
Event: 1081.867 GC heap before
{Heap before GC invocations=30 (full 8):
 PSYoungGen      total 107520K, used 0K [0x00000000e0000000, 0x00000000e7e00000, 0x0000000100000000)
  eden space 91136K, 0% used [0x00000000e0000000,0x00000000e0000000,0x00000000e5900000)
  from space 16384K, 0% used [0x00000000e6e00000,0x00000000e6e00000,0x00000000e7e00000)
  to   space 18944K, 0% used [0x00000000e5900000,0x00000000e5900000,0x00000000e6b80000)
 ParOldGen       total 97280K, used 33013K [0x00000000a0000000, 0x00000000a5f00000, 0x00000000e0000000)
  object space 97280K, 33% used [0x00000000a0000000,0x00000000a203d538,0x00000000a5f00000)
 Metaspace       used 62365K, capacity 63850K, committed 64896K, reserved 1114112K
  class space    used 7967K, capacity 8300K, committed 8576K, reserved 1048576K
Event: 1082.103 GC heap after
Heap after GC invocations=30 (full 8):
 PSYoungGen      total 107520K, used 0K [0x00000000e0000000, 0x00000000e7e00000, 0x0000000100000000)
  eden space 91136K, 0% used [0x00000000e0000000,0x00000000e0000000,0x00000000e5900000)
  from space 16384K, 0% used [0x00000000e6e00000,0x00000000e6e00000,0x00000000e7e00000)
  to   space 18944K, 0% used [0x00000000e5900000,0x00000000e5900000,0x00000000e6b80000)
 ParOldGen       total 97280K, used 33010K [0x00000000a0000000, 0x00000000a5f00000, 0x00000000e0000000)
  object space 97280K, 33% used [0x00000000a0000000,0x00000000a203c9f0,0x00000000a5f00000)
 Metaspace       used 62365K, capacity 63850K, committed 64896K, reserved 1110016K
  class space    used 7967K, capacity 8300K, committed 8576K, reserved 1048576K
}
Event: 1082.217 GC heap before
{Heap before GC invocations=31 (full 8):
 PSYoungGen      total 107520K, used 6836K [0x00000000e0000000, 0x00000000e7e00000, 0x0000000100000000)
  eden space 91136K, 7% used [0x00000000e0000000,0x00000000e06ad278,0x00000000e5900000)
  from space 16384K, 0% used [0x00000000e6e00000,0x00000000e6e00000,0x00000000e7e00000)
  to   space 18944K, 0% used [0x00000000e5900000,0x00000000e5900000,0x00000000e6b80000)
 ParOldGen       total 97280K, used 33010K [0x00000000a0000000, 0x00000000a5f00000, 0x00000000e0000000)
  object space 97280K, 33% used [0x00000000a0000000,0x00000000a203c9f0,0x00000000a5f00000)
 Metaspace       used 62651K, capacity 64138K, committed 65152K, reserved 1116160K
  class space    used 7992K, capacity 8332K, committed 8576K, reserved 1048576K
Event: 1082.222 GC heap after
Heap after GC invocations=31 (full 8):
 PSYoungGen      total 110080K, used 1296K [0x00000000e0000000, 0x00000000e7e00000, 0x0000000100000000)
  eden space 91136K, 0% used [0x00000000e0000000,0x00000000e0000000,0x00000000e5900000)
  from space 18944K, 6% used [0x00000000e5900000,0x00000000e5a44330,0x00000000e6b80000)
  to   space 16384K, 0% used [0x00000000e6e00000,0x00000000e6e00000,0x00000000e7e00000)
 ParOldGen       total 97280K, used 33010K [0x00000000a0000000, 0x00000000a5f00000, 0x00000000e0000000)
  object space 97280K, 33% used [0x00000000a0000000,0x00000000a203c9f0,0x00000000a5f00000)
 Metaspace       used 62651K, capacity 64138K, committed 65152K, reserved 1116160K
  class space    used 7992K, capacity 8332K, committed 8576K, reserved 1048576K
}
Event: 1082.222 GC heap before
{Heap before GC invocations=32 (full 9):
 PSYoungGen      total 110080K, used 1296K [0x00000000e0000000, 0x00000000e7e00000, 0x0000000100000000)
  eden space 91136K, 0% used [0x00000000e0000000,0x00000000e0000000,0x00000000e5900000)
  from space 18944K, 6% used [0x00000000e5900000,0x00000000e5a44330,0x00000000e6b80000)
  to   space 16384K, 0% used [0x00000000e6e00000,0x00000000e6e00000,0x00000000e7e00000)
 ParOldGen       total 97280K, used 33010K [0x00000000a0000000, 0x00000000a5f00000, 0x00000000e0000000)
  object space 97280K, 33% used [0x00000000a0000000,0x00000000a203c9f0,0x00000000a5f00000)
 Metaspace       used 62651K, capacity 64138K, committed 65152K, reserved 1116160K
  class space    used 7992K, capacity 8332K, committed 8576K, reserved 1048576K
Event: 1082.359 GC heap after
Heap after GC invocations=32 (full 9):
 PSYoungGen      total 110080K, used 0K [0x00000000e0000000, 0x00000000e7e00000, 0x0000000100000000)
  eden space 91136K, 0% used [0x00000000e0000000,0x00000000e0000000,0x00000000e5900000)
  from space 18944K, 0% used [0x00000000e5900000,0x00000000e5900000,0x00000000e6b80000)
  to   space 16384K, 0% used [0x00000000e6e00000,0x00000000e6e00000,0x00000000e7e00000)
 ParOldGen       total 97280K, used 33772K [0x00000000a0000000, 0x00000000a5f00000, 0x00000000e0000000)
  object space 97280K, 34% used [0x00000000a0000000,0x00000000a20fb0f8,0x00000000a5f00000)
 Metaspace       used 62651K, capacity 64138K, committed 65152K, reserved 1112064K
  class space    used 7992K, capacity 8332K, committed 8576K, reserved 1048576K
}

Deoptimization events (10 events):
Event: 1082.559 Thread 0x0000000021276800 Uncommon trap: reason=class_check action=maybe_recompile pc=0x0000000006e85064 method=com.android.dx.ssa.NormalSsaInsn.accept(Lcom/android/dx/ssa/SsaInsn$Visitor;)V @ 9
Event: 1082.559 Thread 0x0000000021276800 Uncommon trap: reason=class_check action=maybe_recompile pc=0x0000000006e5c1e0 method=com.android.dx.ssa.NormalSsaInsn.accept(Lcom/android/dx/ssa/SsaInsn$Visitor;)V @ 9
Event: 1082.559 Thread 0x0000000021276800 Uncommon trap: reason=class_check action=maybe_recompile pc=0x0000000006e5c1e0 method=com.android.dx.ssa.NormalSsaInsn.accept(Lcom/android/dx/ssa/SsaInsn$Visitor;)V @ 9
Event: 1082.559 Thread 0x0000000021276800 Uncommon trap: reason=class_check action=maybe_recompile pc=0x0000000006e5c1e0 method=com.android.dx.ssa.NormalSsaInsn.accept(Lcom/android/dx/ssa/SsaInsn$Visitor;)V @ 9
Event: 1082.560 Thread 0x0000000021276800 Uncommon trap: reason=class_check action=maybe_recompile pc=0x0000000006e85064 method=com.android.dx.ssa.NormalSsaInsn.accept(Lcom/android/dx/ssa/SsaInsn$Visitor;)V @ 9
Event: 1082.572 Thread 0x000000001bf17800 Uncommon trap: reason=unstable_if action=reinterpret pc=0x0000000006e794ec method=com.android.dx.rop.code.RegisterSpecSet.put(Lcom/android/dx/rop/code/RegisterSpec;)V @ 77
Event: 1082.573 Thread 0x000000001bf17800 Uncommon trap: reason=unstable_if action=reinterpret pc=0x0000000006ecea2c method=com.android.dx.rop.code.RegisterSpecSet.put(Lcom/android/dx/rop/code/RegisterSpec;)V @ 77
Event: 1082.603 Thread 0x0000000021270800 Uncommon trap: reason=unstable_if action=reinterpret pc=0x00000000050b83fc method=com.android.dx.util.IntList.binarysearch(I)I @ 105
Event: 1082.684 Thread 0x0000000021271000 Uncommon trap: reason=unstable_if action=reinterpret pc=0x00000000056896c8 method=java.lang.ref.SoftReference.get()Ljava/lang/Object; @ 6
Event: 1082.807 Thread 0x0000000021270800 Uncommon trap: reason=unstable_if action=reinterpret pc=0x0000000006d527a0 method=java.util.concurrent.locks.AbstractQueuedSynchronizer.hasQueuedPredecessors()Z @ 31

Classes redefined (0 events):
No events

Internal exceptions (10 events):
Event: 1013.802 Thread 0x000000001b475000 Exception <a 'sun/nio/fs/WindowsException'> (0x00000000e5ca58f0) thrown at [D:\src\AOSP-openjdk-cygwin\jdk8u\hotspot\src\share\vm\prims\jni.cpp, line 709]
Event: 1013.803 Thread 0x000000001b475000 Exception <a 'sun/nio/fs/WindowsException'> (0x00000000e5ca8428) thrown at [D:\src\AOSP-openjdk-cygwin\jdk8u\hotspot\src\share\vm\prims\jni.cpp, line 709]
Event: 1013.803 Thread 0x000000001b475000 Exception <a 'sun/nio/fs/WindowsException'> (0x00000000e5ca90e8) thrown at [D:\src\AOSP-openjdk-cygwin\jdk8u\hotspot\src\share\vm\prims\jni.cpp, line 709]
Event: 1013.803 Thread 0x000000001b475000 Exception <a 'sun/nio/fs/WindowsException'> (0x00000000e5caad78) thrown at [D:\src\AOSP-openjdk-cygwin\jdk8u\hotspot\src\share\vm\prims\jni.cpp, line 709]
Event: 1013.803 Thread 0x000000001b475000 Exception <a 'sun/nio/fs/WindowsException'> (0x00000000e5caba00) thrown at [D:\src\AOSP-openjdk-cygwin\jdk8u\hotspot\src\share\vm\prims\jni.cpp, line 709]
Event: 1077.196 Thread 0x0000000021272800 Exception <a 'java/lang/NoSuchMethodError': <clinit>> (0x00000000e0598e70) thrown at [D:\src\AOSP-openjdk-cygwin\jdk8u\hotspot\src\share\vm\prims\jni.cpp, line 1613]
Event: 1081.465 Thread 0x0000000021279800 Exception <a 'java/lang/OutOfMemoryError'> (0x00000000a00f6ef0) thrown at [D:\src\AOSP-openjdk-cygwin\jdk8u\hotspot\src\share\vm\memory\metaspace.cpp, line 3569]
Event: 1081.465 Thread 0x0000000021279800 Exception <a 'java/lang/OutOfMemoryError'> (0x00000000a00f6ef0) thrown at [D:\src\AOSP-openjdk-cygwin\jdk8u\hotspot\src\share\vm\prims\jvm.cpp, line 1394]
Event: 1081.647 Thread 0x0000000021279800 Implicit null exception at 0x0000000005fe7bfa to 0x0000000005feee29
Event: 1082.684 Thread 0x0000000021271000 Implicit null exception at 0x0000000005689240 to 0x00000000056896ad

Events (10 events):
Event: 1082.774 Thread 0x000000001883a800 flushing nmethod 0x00000000053bed50
Event: 1082.775 Thread 0x000000001883a800 flushing nmethod 0x000000000568a250
Event: 1082.778 Thread 0x000000001883a800 flushing nmethod 0x0000000005b5acd0
Event: 1082.779 Thread 0x000000001b479000 DEOPT PACKING pc=0x0000000006ca6605 sp=0x000000002818eaf0
Event: 1082.779 Thread 0x000000001b479000 DEOPT UNPACKING pc=0x0000000004f175d0 sp=0x000000002818e838 mode 0
Event: 1082.781 Thread 0x000000001883a800 flushing nmethod 0x0000000006190b50
Event: 1082.781 Thread 0x000000001883a800 flushing nmethod 0x0000000006193e50
Event: 1082.807 Thread 0x0000000021270800 Uncommon trap: trap_request=0xffffff65 fr.pc=0x0000000006d527a0
Event: 1082.807 Thread 0x0000000021270800 DEOPT PACKING pc=0x0000000006d527a0 sp=0x000000002738e890
Event: 1082.807 Thread 0x0000000021270800 DEOPT UNPACKING pc=0x0000000004f1557b sp=0x000000002738e818 mode 2


Dynamic libraries:
0x00007ff752df0000 - 0x00007ff752e21000 	C:\Program Files\Android\Android Studio\jre\bin\java.exe
0x00007ff89b7e0000 - 0x00007ff89b9c0000 	C:\WINDOWS\SYSTEM32\ntdll.dll
0x00007ff898cb0000 - 0x00007ff898d5e000 	C:\WINDOWS\System32\KERNEL32.DLL
0x00007ff8986e0000 - 0x00007ff898946000 	C:\WINDOWS\System32\KERNELBASE.dll
0x00007ff898d60000 - 0x00007ff898e01000 	C:\WINDOWS\System32\ADVAPI32.dll
0x00007ff89b480000 - 0x00007ff89b51d000 	C:\WINDOWS\System32\msvcrt.dll
0x00007ff89b1e0000 - 0x00007ff89b23b000 	C:\WINDOWS\System32\sechost.dll
0x00007ff89ac90000 - 0x00007ff89adaf000 	C:\WINDOWS\System32\RPCRT4.dll
0x00007ff89b5c0000 - 0x00007ff89b74f000 	C:\WINDOWS\System32\USER32.dll
0x00007ff898bc0000 - 0x00007ff898be0000 	C:\WINDOWS\System32\win32u.dll
0x00007ff89ac60000 - 0x00007ff89ac88000 	C:\WINDOWS\System32\GDI32.dll
0x00007ff897ce0000 - 0x00007ff897e73000 	C:\WINDOWS\System32\gdi32full.dll
0x00007ff898b20000 - 0x00007ff898bbb000 	C:\WINDOWS\System32\msvcp_win.dll
0x00007ff897be0000 - 0x00007ff897cd6000 	C:\WINDOWS\System32\ucrtbase.dll
0x00007ff88c2c0000 - 0x00007ff88c529000 	C:\WINDOWS\WinSxS\amd64_microsoft.windows.common-controls_6595b64144ccf1df_6.0.16299.371_none_15c7d1789365a290\COMCTL32.dll
0x00007ff89adc0000 - 0x00007ff89b0c8000 	C:\WINDOWS\System32\combase.dll
0x00007ff898c30000 - 0x00007ff898ca2000 	C:\WINDOWS\System32\bcryptPrimitives.dll
0x00007ff89aa50000 - 0x00007ff89aa7d000 	C:\WINDOWS\System32\IMM32.DLL
0x00000000672d0000 - 0x00000000673a2000 	C:\Program Files\Android\Android Studio\jre\jre\bin\msvcr100.dll
0x00000000673b0000 - 0x0000000067bef000 	C:\Program Files\Android\Android Studio\jre\jre\bin\server\jvm.dll
0x00007ff89ac50000 - 0x00007ff89ac58000 	C:\WINDOWS\System32\PSAPI.DLL
0x00007ff891290000 - 0x00007ff89129a000 	C:\WINDOWS\SYSTEM32\VERSION.dll
0x00007ff8948e0000 - 0x00007ff8948e9000 	C:\WINDOWS\SYSTEM32\WSOCK32.dll
0x00007ff89b410000 - 0x00007ff89b47c000 	C:\WINDOWS\System32\WS2_32.dll
0x00007ff88d3c0000 - 0x00007ff88d3e3000 	C:\WINDOWS\SYSTEM32\WINMM.dll
0x00007ff88d2d0000 - 0x00007ff88d2fa000 	C:\WINDOWS\SYSTEM32\winmmbase.dll
0x00007ff898be0000 - 0x00007ff898c2a000 	C:\WINDOWS\System32\cfgmgr32.dll
0x00007ff8948d0000 - 0x00007ff8948df000 	C:\Program Files\Android\Android Studio\jre\jre\bin\verify.dll
0x00007ff88d8b0000 - 0x00007ff88d8d9000 	C:\Program Files\Android\Android Studio\jre\jre\bin\java.dll
0x00007ff88eb30000 - 0x00007ff88eb46000 	C:\Program Files\Android\Android Studio\jre\jre\bin\zip.dll
0x00007ff899460000 - 0x00007ff89a896000 	C:\WINDOWS\System32\SHELL32.dll
0x00007ff8993b0000 - 0x00007ff899456000 	C:\WINDOWS\System32\shcore.dll
0x00007ff897f90000 - 0x00007ff8986d7000 	C:\WINDOWS\System32\windows.storage.dll
0x00007ff89a9f0000 - 0x00007ff89aa41000 	C:\WINDOWS\System32\shlwapi.dll
0x00007ff897b30000 - 0x00007ff897b41000 	C:\WINDOWS\System32\kernel.appcore.dll
0x00007ff897b70000 - 0x00007ff897bbc000 	C:\WINDOWS\System32\powrprof.dll
0x00007ff897b50000 - 0x00007ff897b6b000 	C:\WINDOWS\System32\profapi.dll
0x00007ff88d9e0000 - 0x00007ff88d9fa000 	C:\Program Files\Android\Android Studio\jre\jre\bin\net.dll
0x00007ff897360000 - 0x00007ff8973c6000 	C:\WINDOWS\system32\mswsock.dll
0x00007ff88b030000 - 0x00007ff88b041000 	C:\Program Files\Android\Android Studio\jre\jre\bin\nio.dll
0x00007ff8920f0000 - 0x00007ff89210e000 	C:\Users\pedua\.gradle\native\23\windows-amd64\native-platform.dll
0x00007ff897520000 - 0x00007ff897537000 	C:\WINDOWS\SYSTEM32\CRYPTSP.dll
0x00007ff896f60000 - 0x00007ff896f93000 	C:\WINDOWS\system32\rsaenh.dll
0x00007ff897630000 - 0x00007ff897655000 	C:\WINDOWS\SYSTEM32\bcrypt.dll
0x00007ff897a60000 - 0x00007ff897a89000 	C:\WINDOWS\SYSTEM32\USERENV.dll
0x00007ff897540000 - 0x00007ff89754b000 	C:\WINDOWS\SYSTEM32\CRYPTBASE.dll
0x00007ff8970f0000 - 0x00007ff897129000 	C:\WINDOWS\SYSTEM32\IPHLPAPI.DLL
0x00007ff89b400000 - 0x00007ff89b408000 	C:\WINDOWS\System32\NSI.dll
0x00007ff892e40000 - 0x00007ff892e56000 	C:\WINDOWS\SYSTEM32\dhcpcsvc6.DLL
0x00007ff892e20000 - 0x00007ff892e3a000 	C:\WINDOWS\SYSTEM32\dhcpcsvc.DLL
0x00007ff88afc0000 - 0x00007ff88afcd000 	C:\Program Files\Android\Android Studio\jre\jre\bin\management.dll

VM Arguments:
jvm_args: -Xmx1536m -Dfile.encoding=windows-1252 -Duser.country=BR -Duser.language=pt -Duser.variant 
java_command: org.gradle.launcher.daemon.bootstrap.GradleDaemon 3.3
java_class_path (initial): C:\Users\pedua\.gradle\wrapper\dists\gradle-3.3-all\55gk2rcmfc6p2dg9u9ohc3hw9\gradle-3.3\lib\gradle-launcher-3.3.jar
Launcher Type: SUN_STANDARD

Environment Variables:
PATH=C:\WINDOWS\system32;C:\WINDOWS;C:\WINDOWS\System32\Wbem;C:\WINDOWS\System32\WindowsPowerShell\v1.0\;C:\Program Files\nodejs\;C:\Program Files\PuTTY\;C:\Program Files\Git\cmd;C:\Users\pedua\AppData\Local\Microsoft\WindowsApps;C:\Users\pedua\AppData\Roaming\npm
USERNAME=pedua
OS=Windows_NT
PROCESSOR_IDENTIFIER=Intel64 Family 6 Model 58 Stepping 9, GenuineIntel



---------------  S Y S T E M  ---------------

OS: Windows 10.0 , 64 bit Build 16299 (10.0.16299.15)

CPU:total 4 (initial active 4) (2 cores per cpu, 2 threads per core) family 6 model 58 stepping 9, cmov, cx8, fxsr, mmx, sse, sse2, sse3, ssse3, sse4.1, sse4.2, popcnt, avx, aes, clmul, erms, ht, tsc, tscinvbit, tscinv

Memory: 4k page, physical 4083992k(296432k free), swap 4083992k(368k free)

vm_info: OpenJDK 64-Bit Server VM (25.152-b02) for windows-amd64 JRE (1.8.0_152-release-1024-b02), built by "builder" with MS VC++ 10.0 (VS2010)

time: Sat May 05 00:14:33 2018
elapsed time: 1082 seconds (0d 0h 18m 2s)

