#
# There is insufficient memory for the Java Runtime Environment to continue.
# Native memory allocation (malloc) failed to allocate 32744 bytes for ChunkPool::allocate
# Possible reasons:
#   The system is out of physical RAM or swap space
#   In 32 bit mode, the process size limit was hit
# Possible solutions:
#   Reduce memory load on the system
#   Increase physical memory or swap space
#   Check if swap backing store is full
#   Use 64 bit Java on a 64 bit OS
#   Decrease Java heap size (-Xmx/-Xms)
#   Decrease number of Java threads
#   Decrease Java thread stack sizes (-Xss)
#   Set larger code cache with -XX:ReservedCodeCacheSize=
# This output file may be truncated or incomplete.
#
#  Out of Memory Error (allocation.cpp:273), pid=6800, tid=0x0000000000001d1c
#
# JRE version: OpenJDK Runtime Environment (8.0_152-b02) (build 1.8.0_152-release-1024-b02)
# Java VM: OpenJDK 64-Bit Server VM (25.152-b02 mixed mode windows-amd64 compressed oops)
# Failed to write core dump. Minidumps are not enabled by default on client versions of Windows
#

---------------  T H R E A D  ---------------

Current thread (0x000000001ad0c000):  JavaThread "Daemon worker" [_thread_in_vm, id=7452, stack(0x000000001c590000,0x000000001c690000)]

Stack: [0x000000001c590000,0x000000001c690000]
[error occurred during error reporting (printing stack bounds), id 0xc0000005]

Native frames: (J=compiled Java code, j=interpreted, Vv=VM code, C=native code)

Java frames: (J=compiled Java code, j=interpreted, Vv=VM code)
j  org.codehaus.groovy.reflection.ClassInfo.<init>(Ljava/lang/Class;)V+16
j  org.codehaus.groovy.reflection.ClassInfo$LocalMap.<clinit>()V+6
v  ~StubRoutines::call_stub
j  org.codehaus.groovy.reflection.ClassInfo$ThreadLocalMapHandler.initialValue()Ljava/lang/ref/SoftReference;+4
j  org.codehaus.groovy.reflection.ClassInfo$ThreadLocalMapHandler.initialValue()Ljava/lang/Object;+1
j  java.lang.ThreadLocal.setInitialValue()Ljava/lang/Object;+1
J 714 C1 java.lang.ThreadLocal.get()Ljava/lang/Object; (38 bytes) @ 0x00000000047ff44c [0x00000000047ff220+0x22c]
j  org.codehaus.groovy.reflection.ClassInfo$ThreadLocalMapHandler.get()Ljava/lang/ref/SoftReference;+39
j  org.codehaus.groovy.reflection.ClassInfo.getLocalClassInfoMap()Lorg/codehaus/groovy/reflection/ClassInfo$LocalMap;+17
j  org.codehaus.groovy.reflection.ClassInfo.getClassInfo(Ljava/lang/Class;)Lorg/codehaus/groovy/reflection/ClassInfo;+0
j  org.codehaus.groovy.reflection.ReflectionCache.getCachedClass(Ljava/lang/Class;)Lorg/codehaus/groovy/reflection/CachedClass;+7
j  org.codehaus.groovy.reflection.ReflectionCache.<clinit>()V+134
v  ~StubRoutines::call_stub
j  org.codehaus.groovy.runtime.metaclass.MetaClassRegistryImpl.registerMethods(Ljava/lang/Class;ZZLjava/util/Map;)V+94
j  org.codehaus.groovy.runtime.metaclass.MetaClassRegistryImpl.<init>(IZ)V+106
j  org.codehaus.groovy.runtime.metaclass.MetaClassRegistryImpl.<init>()V+3
j  groovy.lang.GroovySystem.<clinit>()V+8
v  ~StubRoutines::call_stub
j  org.codehaus.groovy.runtime.InvokerHelper.<clinit>()V+34
v  ~StubRoutines::call_stub
j  groovy.lang.GroovyObjectSupport.<init>()V+9
j  org.gradle.api.internal.plugins.DefaultExtraPropertiesExtension.<init>()V+1
j  org.gradle.api.internal.plugins.DefaultConvention.<init>(Lorg/gradle/internal/reflect/Instantiator;)V+44
j  org.gradle.api.internal.ExtensibleDynamicObject.<init>(Ljava/lang/Object;Lorg/gradle/internal/metaobject/AbstractDynamicObject;Lorg/gradle/internal/reflect/Instantiator;)V+8
j  org.gradle.api.internal.AsmBackedClassGenerator$MixInExtensibleDynamicObject.<init>(Ljava/lang/Object;Ljava/lang/Class;Lorg/gradle/internal/metaobject/DynamicObject;)V+11
j  org.gradle.initialization.DefaultSettings_Decorated.getAsDynamicObject()Lorg/gradle/internal/metaobject/DynamicObject;+22
j  org.gradle.initialization.SettingsFactory.createSettings(Lorg/gradle/api/internal/GradleInternal;Ljava/io/File;Lorg/gradle/groovy/scripts/ScriptSource;Ljava/util/Map;Lorg/gradle/StartParameter;Lorg/gradle/api/internal/initialization/ClassLoaderScope;)Lorg/gradle/api/internal/SettingsInternal;+69
j  org.gradle.initialization.ScriptEvaluatingSettingsProcessor.process(Lorg/gradle/api/internal/GradleInternal;Lorg/gradle/initialization/SettingsLocation;Lorg/gradle/api/internal/initialization/ClassLoaderScope;Lorg/gradle/StartParameter;)Lorg/gradle/api/internal/SettingsInternal;+37
j  org.gradle.initialization.PropertiesLoadingSettingsProcessor.process(Lorg/gradle/api/internal/GradleInternal;Lorg/gradle/initialization/SettingsLocation;Lorg/gradle/api/internal/initialization/ClassLoaderScope;Lorg/gradle/StartParameter;)Lorg/gradle/api/internal/SettingsInternal;+22
j  org.gradle.initialization.NotifyingSettingsProcessor$1.transform(Lorg/gradle/internal/operations/BuildOperationContext;)Lorg/gradle/api/internal/SettingsInternal;+23
j  org.gradle.initialization.NotifyingSettingsProcessor$1.transform(Ljava/lang/Object;)Ljava/lang/Object;+5
j  org.gradle.internal.progress.DefaultBuildOperationExecutor.run(Lorg/gradle/internal/progress/BuildOperationDetails;Lorg/gradle/api/Transformer;)Ljava/lang/Object;+276
j  org.gradle.initialization.NotifyingSettingsProcessor.process(Lorg/gradle/api/internal/GradleInternal;Lorg/gradle/initialization/SettingsLocation;Lorg/gradle/api/internal/initialization/ClassLoaderScope;Lorg/gradle/StartParameter;)Lorg/gradle/api/internal/SettingsInternal;+34
j  org.gradle.initialization.DefaultSettingsLoader.findSettingsAndLoadIfAppropriate(Lorg/gradle/api/internal/GradleInternal;Lorg/gradle/StartParameter;)Lorg/gradle/api/internal/SettingsInternal;+50
j  org.gradle.initialization.DefaultSettingsLoader.findAndLoadSettings(Lorg/gradle/api/internal/GradleInternal;)Lorg/gradle/api/internal/SettingsInternal;+10
j  org.gradle.internal.composite.CompositeBuildSettingsLoader.findAndLoadSettings(Lorg/gradle/api/internal/GradleInternal;)Lorg/gradle/api/internal/SettingsInternal;+5
j  org.gradle.initialization.NotifyingSettingsLoader.findAndLoadSettings(Lorg/gradle/api/internal/GradleInternal;)Lorg/gradle/api/internal/SettingsInternal;+5
j  org.gradle.initialization.DefaultGradleLauncher.doBuildStages(Lorg/gradle/initialization/DefaultGradleLauncher$Stage;)V+47
j  org.gradle.initialization.DefaultGradleLauncher.doBuild(Lorg/gradle/initialization/DefaultGradleLauncher$Stage;)Lorg/gradle/BuildResult;+17
j  org.gradle.initialization.DefaultGradleLauncher.run()Lorg/gradle/BuildResult;+4
j  org.gradle.launcher.exec.GradleBuildController.run()Lorg/gradle/api/internal/GradleInternal;+4
j  org.gradle.tooling.internal.provider.runner.BuildModelActionRunner.run(Lorg/gradle/internal/invocation/BuildAction;Lorg/gradle/internal/invocation/BuildController;)V+48
j  org.gradle.launcher.exec.ChainingBuildActionRunner.run(Lorg/gradle/internal/invocation/BuildAction;Lorg/gradle/internal/invocation/BuildController;)V+34
j  org.gradle.tooling.internal.provider.runner.RunAsBuildOperationBuildActionRunner$1.execute(Lorg/gradle/internal/operations/BuildOperationContext;)V+15
j  org.gradle.tooling.internal.provider.runner.RunAsBuildOperationBuildActionRunner$1.execute(Ljava/lang/Object;)V+5
j  org.gradle.internal.Transformers$4.transform(Ljava/lang/Object;)Ljava/lang/Object;+5
j  org.gradle.internal.progress.DefaultBuildOperationExecutor.run(Lorg/gradle/internal/progress/BuildOperationDetails;Lorg/gradle/api/Transformer;)Ljava/lang/Object;+276
j  org.gradle.internal.progress.DefaultBuildOperationExecutor.run(Ljava/lang/String;Lorg/gradle/api/Action;)V+12
j  org.gradle.tooling.internal.provider.runner.RunAsBuildOperationBuildActionRunner.run(Lorg/gradle/internal/invocation/BuildAction;Lorg/gradle/internal/invocation/BuildController;)V+16
j  org.gradle.tooling.internal.provider.runner.SubscribableBuildActionRunner.run(Lorg/gradle/internal/invocation/BuildAction;Lorg/gradle/internal/invocation/BuildController;)V+38
j  org.gradle.launcher.exec.ChainingBuildActionRunner.run(Lorg/gradle/internal/invocation/BuildAction;Lorg/gradle/internal/invocation/BuildController;)V+34
j  org.gradle.launcher.exec.InProcessBuildActionExecuter.execute(Lorg/gradle/internal/invocation/BuildAction;Lorg/gradle/initialization/BuildRequestContext;Lorg/gradle/launcher/exec/BuildActionParameters;Lorg/gradle/internal/service/ServiceRegistry;)Ljava/lang/Object;+64
j  org.gradle.launcher.exec.InProcessBuildActionExecuter.execute(Lorg/gradle/internal/invocation/BuildAction;Lorg/gradle/initialization/BuildRequestContext;Ljava/lang/Object;Lorg/gradle/internal/service/ServiceRegistry;)Ljava/lang/Object;+9
j  org.gradle.tooling.internal.provider.ContinuousBuildActionExecuter.execute(Lorg/gradle/internal/invocation/BuildAction;Lorg/gradle/initialization/BuildRequestContext;Lorg/gradle/launcher/exec/BuildActionParameters;Lorg/gradle/internal/service/ServiceRegistry;)Ljava/lang/Object;+28
j  org.gradle.tooling.internal.provider.ContinuousBuildActionExecuter.execute(Lorg/gradle/internal/invocation/BuildAction;Lorg/gradle/initialization/BuildRequestContext;Ljava/lang/Object;Lorg/gradle/internal/service/ServiceRegistry;)Ljava/lang/Object;+9
j  org.gradle.tooling.internal.provider.ServicesSetupBuildActionExecuter.execute(Lorg/gradle/internal/invocation/BuildAction;Lorg/gradle/initialization/BuildRequestContext;Lorg/gradle/launcher/exec/BuildActionParameters;Lorg/gradle/internal/service/ServiceRegistry;)Ljava/lang/Object;+52
j  org.gradle.tooling.internal.provider.ServicesSetupBuildActionExecuter.execute(Lorg/gradle/internal/invocation/BuildAction;Lorg/gradle/initialization/BuildRequestContext;Ljava/lang/Object;Lorg/gradle/internal/service/ServiceRegistry;)Ljava/lang/Object;+9
j  org.gradle.launcher.daemon.server.exec.ExecuteBuild.doBuild(Lorg/gradle/launcher/daemon/server/api/DaemonCommandExecution;Lorg/gradle/launcher/daemon/protocol/Build;)V+114
j  org.gradle.launcher.daemon.server.exec.BuildCommandOnly.execute(Lorg/gradle/launcher/daemon/server/api/DaemonCommandExecution;)V+49
j  org.gradle.launcher.daemon.server.api.DaemonCommandExecution.proceed()Z+28
j  org.gradle.launcher.daemon.server.exec.WatchForDisconnection.execute(Lorg/gradle/launcher/daemon/server/api/DaemonCommandExecution;)V+19
j  org.gradle.launcher.daemon.server.api.DaemonCommandExecution.proceed()Z+28
j  org.gradle.launcher.daemon.server.exec.ResetDeprecationLogger.execute(Lorg/gradle/launcher/daemon/server/api/DaemonCommandExecution;)V+4
j  org.gradle.launcher.daemon.server.api.DaemonCommandExecution.proceed()Z+28
j  org.gradle.launcher.daemon.server.exec.RequestStopIfSingleUsedDaemon.execute(Lorg/gradle/launcher/daemon/server/api/DaemonCommandExecution;)V+33
j  org.gradle.launcher.daemon.server.api.DaemonCommandExecution.proceed()Z+28
j  org.gradle.launcher.daemon.server.exec.ForwardClientInput$2.call()Ljava/lang/Void;+4
j  org.gradle.launcher.daemon.server.exec.ForwardClientInput$2.call()Ljava/lang/Object;+1
j  org.gradle.util.Swapper.swap(Ljava/lang/Object;Ljava/util/concurrent/Callable;)Ljava/lang/Object;+21
j  org.gradle.launcher.daemon.server.exec.ForwardClientInput.execute(Lorg/gradle/launcher/daemon/server/api/DaemonCommandExecution;)V+63
j  org.gradle.launcher.daemon.server.api.DaemonCommandExecution.proceed()Z+28
j  org.gradle.launcher.daemon.server.exec.LogAndCheckHealth.execute(Lorg/gradle/launcher/daemon/server/api/DaemonCommandExecution;)V+28
j  org.gradle.launcher.daemon.server.api.DaemonCommandExecution.proceed()Z+28
j  org.gradle.launcher.daemon.server.exec.LogToClient.doBuild(Lorg/gradle/launcher/daemon/server/api/DaemonCommandExecution;Lorg/gradle/launcher/daemon/protocol/Build;)V+87
j  org.gradle.launcher.daemon.server.exec.BuildCommandOnly.execute(Lorg/gradle/launcher/daemon/server/api/DaemonCommandExecution;)V+49
j  org.gradle.launcher.daemon.server.api.DaemonCommandExecution.proceed()Z+28
j  org.gradle.launcher.daemon.server.exec.EstablishBuildEnvironment.doBuild(Lorg/gradle/launcher/daemon/server/api/DaemonCommandExecution;Lorg/gradle/launcher/daemon/protocol/Build;)V+279
j  org.gradle.launcher.daemon.server.exec.BuildCommandOnly.execute(Lorg/gradle/launcher/daemon/server/api/DaemonCommandExecution;)V+49
j  org.gradle.launcher.daemon.server.api.DaemonCommandExecution.proceed()Z+28
j  org.gradle.launcher.daemon.server.exec.StartBuildOrRespondWithBusy$1.run()V+44
j  org.gradle.launcher.daemon.server.DaemonStateCoordinator$1.run()V+4
j  org.gradle.internal.concurrent.ExecutorPolicy$CatchAndRecordFailures.onExecute(Ljava/lang/Runnable;)V+1
j  org.gradle.internal.concurrent.StoppableExecutorImpl$1.run()V+25
j  java.util.concurrent.ThreadPoolExecutor.runWorker(Ljava/util/concurrent/ThreadPoolExecutor$Worker;)V+95
j  java.util.concurrent.ThreadPoolExecutor$Worker.run()V+5
j  java.lang.Thread.run()V+11
v  ~StubRoutines::call_stub

---------------  P R O C E S S  ---------------

Java Threads: ( => current thread )
  0x000000001acfe800 JavaThread "Stdin handler" [_thread_blocked, id=5628, stack(0x000000001c890000,0x000000001c990000)]
  0x000000001acfe000 JavaThread "Asynchronous log dispatcher for DefaultDaemonConnection: socket connection from /127.0.0.1:50011 to /127.0.0.1:50012" [_thread_blocked, id=6876, stack(0x000000001c790000,0x000000001c890000)]
  0x000000001acf7800 JavaThread "pool-1-thread-1" [_thread_blocked, id=5716, stack(0x000000001c690000,0x000000001c790000)]
=>0x000000001ad0c000 JavaThread "Daemon worker" [_thread_in_vm, id=7452, stack(0x000000001c590000,0x000000001c690000)]
  0x0000000017ecb000 JavaThread "Cancel handler" [_thread_blocked, id=3948, stack(0x000000001c490000,0x000000001c590000)]
  0x000000001a49c000 JavaThread "Handler for socket connection from /127.0.0.1:50011 to /127.0.0.1:50012" [_thread_in_native, id=6624, stack(0x000000001c390000,0x000000001c490000)]
  0x000000001a560000 JavaThread "Daemon" [_thread_blocked, id=3380, stack(0x000000001c290000,0x000000001c390000)]
  0x00000000199a8000 JavaThread "Incoming local TCP Connector on port 50011" [_thread_in_native, id=4024, stack(0x000000001bbf0000,0x000000001bcf0000)]
  0x0000000019906000 JavaThread "Service Thread" daemon [_thread_blocked, id=5904, stack(0x0000000019ce0000,0x0000000019de0000)]
  0x0000000017e6f800 JavaThread "C1 CompilerThread2" daemon [_thread_blocked, id=6088, stack(0x00000000197e0000,0x00000000198e0000)]
  0x0000000017e6b800 JavaThread "C2 CompilerThread1" daemon [_thread_in_native, id=8000, stack(0x00000000196e0000,0x00000000197e0000)]
  0x0000000017e69800 JavaThread "C2 CompilerThread0" daemon [_thread_in_native, id=2960, stack(0x00000000195e0000,0x00000000196e0000)]
  0x0000000017e74800 JavaThread "Attach Listener" daemon [_thread_blocked, id=5972, stack(0x00000000194e0000,0x00000000195e0000)]
  0x0000000017e73800 JavaThread "Signal Dispatcher" daemon [_thread_blocked, id=2732, stack(0x00000000193e0000,0x00000000194e0000)]
  0x00000000044fc000 JavaThread "Finalizer" daemon [_thread_blocked, id=4856, stack(0x00000000190e0000,0x00000000191e0000)]
  0x00000000044f1000 JavaThread "Reference Handler" daemon [_thread_blocked, id=6904, stack(0x0000000018fe0000,0x00000000190e0000)]
  0x00000000043ed800 JavaThread "main" [_thread_blocked, id=7516, stack(0x0000000004250000,0x0000000004350000)]

Other Threads:
  0x0000000017e35800 VMThread [stack: 0x0000000018ee0000,0x0000000018fe0000] [id=5204]
  0x000000001990e800 WatcherThread [stack: 0x0000000019de0000,0x0000000019ee0000] [id=6384]

VM state:not at safepoint (normal execution)

VM Mutex/Monitor currently owned by a thread: None

Heap:
 PSYoungGen      total 18944K, used 18692K [0x00000000e0000000, 0x00000000e1c00000, 0x0000000100000000)
  eden space 16384K, 98% used [0x00000000e0000000,0x00000000e0fc1348,0x00000000e1000000)
  from space 2560K, 100% used [0x00000000e1000000,0x00000000e1280000,0x00000000e1280000)
  to   space 6144K, 0% used [0x00000000e1600000,0x00000000e1600000,0x00000000e1c00000)
 ParOldGen       total 44032K, used 6515K [0x00000000a0000000, 0x00000000a2b00000, 0x00000000e0000000)
  object space 44032K, 14% used [0x00000000a0000000,0x00000000a065cdb0,0x00000000a2b00000)
 Metaspace       used 16895K, capacity 17168K, committed 17408K, reserved 1064960K
  class space    used 2344K, capacity 2452K, committed 2560K, reserved 1048576K

Card table byte_map: [0x00000000138c0000,0x0000000013bd0000] byte_map_base: 0x00000000133c0000

Marking Bits: (ParMarkBitMap*) 0x0000000067b74970
 Begin Bits: [0x00000000141d0000, 0x00000000159d0000)
 End Bits:   [0x00000000159d0000, 0x00000000171d0000)

Polling page: 0x0000000002660000

CodeCache: size=245760Kb used=4617Kb max_used=4711Kb free=241142Kb
 bounds [0x0000000004500000, 0x00000000049a0000, 0x0000000013500000]
 total_blobs=1750 nmethods=1360 adapters=303
 compilation: enabled

Compilation events (10 events):
Event: 13.147 Thread 0x0000000017e6f800 1436       3       java.lang.Integer::valueOf (32 bytes)
Event: 13.147 Thread 0x0000000017e6f800 nmethod 1436 0x0000000004700510 code [0x0000000004700680, 0x00000000047009d0]
Event: 13.147 Thread 0x0000000017e6f800 1437       3       java.lang.Integer::hashCode (8 bytes)
Event: 13.147 Thread 0x0000000017e6f800 nmethod 1437 0x0000000004746610 code [0x0000000004746760, 0x0000000004746910]
Event: 13.147 Thread 0x0000000017e6f800 1438       3       java.lang.Integer::hashCode (2 bytes)
Event: 13.148 Thread 0x0000000017e6f800 nmethod 1438 0x0000000004700210 code [0x0000000004700360, 0x0000000004700490]
Event: 13.148 Thread 0x0000000017e6f800 1440       3       org.codehaus.groovy.reflection.GeneratedMetaMethod$DgmMethodRecord::<init> (5 bytes)
Event: 13.148 Thread 0x0000000017e6f800 nmethod 1440 0x00000000046ffe50 code [0x00000000046fffa0, 0x0000000004700150]
Event: 13.151 Thread 0x0000000017e6f800 1441       3       java.util.concurrent.locks.ReentrantLock$NonfairSync::tryAcquire (6 bytes)
Event: 13.151 Thread 0x0000000017e6f800 nmethod 1441 0x000000000462e2d0 code [0x000000000462e440, 0x000000000462e648]

GC Heap History (10 events):
Event: 3.191 GC heap before
{Heap before GC invocations=1 (full 0):
 PSYoungGen      total 18944K, used 16384K [0x00000000e0000000, 0x00000000e1500000, 0x0000000100000000)
  eden space 16384K, 100% used [0x00000000e0000000,0x00000000e1000000,0x00000000e1000000)
  from space 2560K, 0% used [0x00000000e1280000,0x00000000e1280000,0x00000000e1500000)
  to   space 2560K, 0% used [0x00000000e1000000,0x00000000e1000000,0x00000000e1280000)
 ParOldGen       total 44032K, used 0K [0x00000000a0000000, 0x00000000a2b00000, 0x00000000e0000000)
  object space 44032K, 0% used [0x00000000a0000000,0x00000000a0000000,0x00000000a2b00000)
 Metaspace       used 6343K, capacity 6516K, committed 6784K, reserved 1056768K
  class space    used 775K, capacity 828K, committed 896K, reserved 1048576K
Event: 3.199 GC heap after
Heap after GC invocations=1 (full 0):
 PSYoungGen      total 18944K, used 2532K [0x00000000e0000000, 0x00000000e1500000, 0x0000000100000000)
  eden space 16384K, 0% used [0x00000000e0000000,0x00000000e0000000,0x00000000e1000000)
  from space 2560K, 98% used [0x00000000e1000000,0x00000000e12792e0,0x00000000e1280000)
  to   space 2560K, 0% used [0x00000000e1280000,0x00000000e1280000,0x00000000e1500000)
 ParOldGen       total 44032K, used 708K [0x00000000a0000000, 0x00000000a2b00000, 0x00000000e0000000)
  object space 44032K, 1% used [0x00000000a0000000,0x00000000a00b1170,0x00000000a2b00000)
 Metaspace       used 6343K, capacity 6516K, committed 6784K, reserved 1056768K
  class space    used 775K, capacity 828K, committed 896K, reserved 1048576K
}
Event: 5.197 GC heap before
{Heap before GC invocations=2 (full 0):
 PSYoungGen      total 18944K, used 18916K [0x00000000e0000000, 0x00000000e1500000, 0x0000000100000000)
  eden space 16384K, 100% used [0x00000000e0000000,0x00000000e1000000,0x00000000e1000000)
  from space 2560K, 98% used [0x00000000e1000000,0x00000000e12792e0,0x00000000e1280000)
  to   space 2560K, 0% used [0x00000000e1280000,0x00000000e1280000,0x00000000e1500000)
 ParOldGen       total 44032K, used 708K [0x00000000a0000000, 0x00000000a2b00000, 0x00000000e0000000)
  object space 44032K, 1% used [0x00000000a0000000,0x00000000a00b1170,0x00000000a2b00000)
 Metaspace       used 6961K, capacity 7156K, committed 7296K, reserved 1056768K
  class space    used 850K, capacity 892K, committed 896K, reserved 1048576K
Event: 5.202 GC heap after
Heap after GC invocations=2 (full 0):
 PSYoungGen      total 18944K, used 2356K [0x00000000e0000000, 0x00000000e1500000, 0x0000000100000000)
  eden space 16384K, 0% used [0x00000000e0000000,0x00000000e0000000,0x00000000e1000000)
  from space 2560K, 92% used [0x00000000e1280000,0x00000000e14cd110,0x00000000e1500000)
  to   space 2560K, 0% used [0x00000000e1000000,0x00000000e1000000,0x00000000e1280000)
 ParOldGen       total 44032K, used 716K [0x00000000a0000000, 0x00000000a2b00000, 0x00000000e0000000)
  object space 44032K, 1% used [0x00000000a0000000,0x00000000a00b3170,0x00000000a2b00000)
 Metaspace       used 6961K, capacity 7156K, committed 7296K, reserved 1056768K
  class space    used 850K, capacity 892K, committed 896K, reserved 1048576K
}
Event: 9.505 GC heap before
{Heap before GC invocations=3 (full 0):
 PSYoungGen      total 18944K, used 18740K [0x00000000e0000000, 0x00000000e1500000, 0x0000000100000000)
  eden space 16384K, 100% used [0x00000000e0000000,0x00000000e1000000,0x00000000e1000000)
  from space 2560K, 92% used [0x00000000e1280000,0x00000000e14cd110,0x00000000e1500000)
  to   space 2560K, 0% used [0x00000000e1000000,0x00000000e1000000,0x00000000e1280000)
 ParOldGen       total 44032K, used 716K [0x00000000a0000000, 0x00000000a2b00000, 0x00000000e0000000)
  object space 44032K, 1% used [0x00000000a0000000,0x00000000a00b3170,0x00000000a2b00000)
 Metaspace       used 8996K, capacity 9172K, committed 9472K, reserved 1056768K
  class space    used 1149K, capacity 1223K, committed 1280K, reserved 1048576K
Event: 9.511 GC heap after
Heap after GC invocations=3 (full 0):
 PSYoungGen      total 18944K, used 2544K [0x00000000e0000000, 0x00000000e1500000, 0x0000000100000000)
  eden space 16384K, 0% used [0x00000000e0000000,0x00000000e0000000,0x00000000e1000000)
  from space 2560K, 99% used [0x00000000e1000000,0x00000000e127c010,0x00000000e1280000)
  to   space 2560K, 0% used [0x00000000e1280000,0x00000000e1280000,0x00000000e1500000)
 ParOldGen       total 44032K, used 1984K [0x00000000a0000000, 0x00000000a2b00000, 0x00000000e0000000)
  object space 44032K, 4% used [0x00000000a0000000,0x00000000a01f0340,0x00000000a2b00000)
 Metaspace       used 8996K, capacity 9172K, committed 9472K, reserved 1056768K
  class space    used 1149K, capacity 1223K, committed 1280K, reserved 1048576K
}
Event: 11.490 GC heap before
{Heap before GC invocations=4 (full 0):
 PSYoungGen      total 18944K, used 18928K [0x00000000e0000000, 0x00000000e1500000, 0x0000000100000000)
  eden space 16384K, 100% used [0x00000000e0000000,0x00000000e1000000,0x00000000e1000000)
  from space 2560K, 99% used [0x00000000e1000000,0x00000000e127c010,0x00000000e1280000)
  to   space 2560K, 0% used [0x00000000e1280000,0x00000000e1280000,0x00000000e1500000)
 ParOldGen       total 44032K, used 1984K [0x00000000a0000000, 0x00000000a2b00000, 0x00000000e0000000)
  object space 44032K, 4% used [0x00000000a0000000,0x00000000a01f0340,0x00000000a2b00000)
 Metaspace       used 13273K, capacity 13560K, committed 13696K, reserved 1060864K
  class space    used 1762K, capacity 1872K, committed 1920K, reserved 1048576K
Event: 11.498 GC heap after
Heap after GC invocations=4 (full 0):
 PSYoungGen      total 18944K, used 2528K [0x00000000e0000000, 0x00000000e1500000, 0x0000000100000000)
  eden space 16384K, 0% used [0x00000000e0000000,0x00000000e0000000,0x00000000e1000000)
  from space 2560K, 98% used [0x00000000e1280000,0x00000000e14f8020,0x00000000e1500000)
  to   space 2560K, 0% used [0x00000000e1000000,0x00000000e1000000,0x00000000e1280000)
 ParOldGen       total 44032K, used 4318K [0x00000000a0000000, 0x00000000a2b00000, 0x00000000e0000000)
  object space 44032K, 9% used [0x00000000a0000000,0x00000000a0437b48,0x00000000a2b00000)
 Metaspace       used 13273K, capacity 13560K, committed 13696K, reserved 1060864K
  class space    used 1762K, capacity 1872K, committed 1920K, reserved 1048576K
}
Event: 12.422 GC heap before
{Heap before GC invocations=5 (full 0):
 PSYoungGen      total 18944K, used 18912K [0x00000000e0000000, 0x00000000e1500000, 0x0000000100000000)
  eden space 16384K, 100% used [0x00000000e0000000,0x00000000e1000000,0x00000000e1000000)
  from space 2560K, 98% used [0x00000000e1280000,0x00000000e14f8020,0x00000000e1500000)
  to   space 2560K, 0% used [0x00000000e1000000,0x00000000e1000000,0x00000000e1280000)
 ParOldGen       total 44032K, used 4318K [0x00000000a0000000, 0x00000000a2b00000, 0x00000000e0000000)
  object space 44032K, 9% used [0x00000000a0000000,0x00000000a0437b48,0x00000000a2b00000)
 Metaspace       used 14756K, capacity 15096K, committed 15232K, reserved 1062912K
  class space    used 2011K, capacity 2128K, committed 2176K, reserved 1048576K
Event: 12.430 GC heap after
Heap after GC invocations=5 (full 0):
 PSYoungGen      total 18944K, used 2560K [0x00000000e0000000, 0x00000000e1c00000, 0x0000000100000000)
  eden space 16384K, 0% used [0x00000000e0000000,0x00000000e0000000,0x00000000e1000000)
  from space 2560K, 100% used [0x00000000e1000000,0x00000000e1280000,0x00000000e1280000)
  to   space 6144K, 0% used [0x00000000e1600000,0x00000000e1600000,0x00000000e1c00000)
 ParOldGen       total 44032K, used 6515K [0x00000000a0000000, 0x00000000a2b00000, 0x00000000e0000000)
  object space 44032K, 14% used [0x00000000a0000000,0x00000000a065cdb0,0x00000000a2b00000)
 Metaspace       used 14756K, capacity 15096K, committed 15232K, reserved 1062912K
  class space    used 2011K, capacity 2128K, committed 2176K, reserved 1048576K
}

Deoptimization events (10 events):
Event: 11.047 Thread 0x00000000043ed800 Uncommon trap: reason=class_check action=maybe_recompile pc=0x0000000004778898 method=java.util.HashMap.putVal(ILjava/lang/Object;Ljava/lang/Object;ZZ)Ljava/lang/Object; @ 203
Event: 11.165 Thread 0x000000001ad0c000 Uncommon trap: reason=bimorphic action=maybe_recompile pc=0x00000000048fb440 method=java.util.HashMap.putVal(ILjava/lang/Object;Ljava/lang/Object;ZZ)Ljava/lang/Object; @ 253
Event: 11.165 Thread 0x000000001ad0c000 Uncommon trap: reason=bimorphic action=maybe_recompile pc=0x00000000048fb440 method=java.util.HashMap.putVal(ILjava/lang/Object;Ljava/lang/Object;ZZ)Ljava/lang/Object; @ 253
Event: 11.165 Thread 0x000000001ad0c000 Uncommon trap: reason=bimorphic action=maybe_recompile pc=0x00000000048fb440 method=java.util.HashMap.putVal(ILjava/lang/Object;Ljava/lang/Object;ZZ)Ljava/lang/Object; @ 253
Event: 11.165 Thread 0x000000001ad0c000 Uncommon trap: reason=bimorphic action=maybe_recompile pc=0x00000000048fb440 method=java.util.HashMap.putVal(ILjava/lang/Object;Ljava/lang/Object;ZZ)Ljava/lang/Object; @ 253
Event: 12.012 Thread 0x000000001ad0c000 Uncommon trap: reason=class_check action=maybe_recompile pc=0x000000000477159c method=java.util.regex.Matcher.match(II)Z @ 86
Event: 12.014 Thread 0x000000001ad0c000 Uncommon trap: reason=class_check action=maybe_recompile pc=0x000000000477159c method=java.util.regex.Matcher.match(II)Z @ 86
Event: 12.762 Thread 0x000000001ad0c000 Uncommon trap: reason=unstable_if action=reinterpret pc=0x0000000004654bc8 method=java.net.URI.match(CJJ)Z @ 19
Event: 12.763 Thread 0x000000001ad0c000 Uncommon trap: reason=unstable_if action=reinterpret pc=0x000000000479de40 method=java.net.URI.match(CJJ)Z @ 19
Event: 12.763 Thread 0x000000001ad0c000 Uncommon trap: reason=unstable_if action=reinterpret pc=0x0000000004655548 method=java.net.URI.match(CJJ)Z @ 19

Classes redefined (0 events):
No events

Internal exceptions (10 events):
Event: 11.111 Thread 0x000000001ad0c000 Exception <a 'java/lang/NoSuchMethodError': <clinit>> (0x00000000e0a2e170) thrown at [D:\src\AOSP-openjdk-cygwin\jdk8u\hotspot\src\share\vm\prims\jni.cpp, line 1613]
Event: 11.112 Thread 0x00000000043ed800 Exception <a 'java/lang/ArrayIndexOutOfBoundsException'> (0x00000000e0a4bbc8) thrown at [D:\src\AOSP-openjdk-cygwin\jdk8u\hotspot\src\share\vm\runtime\sharedRuntime.cpp, line 605]
Event: 11.113 Thread 0x000000001ad0c000 Exception <a 'java/lang/NoSuchMethodError': <clinit>> (0x00000000e0a363f8) thrown at [D:\src\AOSP-openjdk-cygwin\jdk8u\hotspot\src\share\vm\prims\jni.cpp, line 1613]
Event: 11.282 Thread 0x000000001ad0c000 Exception <a 'java/lang/ArrayIndexOutOfBoundsException'> (0x00000000e0ca4050) thrown at [D:\src\AOSP-openjdk-cygwin\jdk8u\hotspot\src\share\vm\runtime\sharedRuntime.cpp, line 605]
Event: 11.403 Thread 0x000000001ad0c000 Exception <a 'java/lang/ArrayIndexOutOfBoundsException'> (0x00000000e0d76088) thrown at [D:\src\AOSP-openjdk-cygwin\jdk8u\hotspot\src\share\vm\runtime\sharedRuntime.cpp, line 605]
Event: 11.403 Thread 0x000000001ad0c000 Exception <a 'java/lang/ArrayIndexOutOfBoundsException'> (0x00000000e0d77688) thrown at [D:\src\AOSP-openjdk-cygwin\jdk8u\hotspot\src\share\vm\runtime\sharedRuntime.cpp, line 605]
Event: 12.862 Thread 0x000000001ad0c000 Exception <a 'java/lang/NoSuchMethodError': <clinit>> (0x00000000e0a0dbd8) thrown at [D:\src\AOSP-openjdk-cygwin\jdk8u\hotspot\src\share\vm\prims\jni.cpp, line 1613]
Event: 12.862 Thread 0x000000001ad0c000 Exception <a 'java/lang/NoSuchMethodError': <clinit>> (0x00000000e0a103a8) thrown at [D:\src\AOSP-openjdk-cygwin\jdk8u\hotspot\src\share\vm\prims\jni.cpp, line 1613]
Event: 12.863 Thread 0x000000001ad0c000 Exception <a 'java/lang/NoSuchMethodError': <clinit>> (0x00000000e0a1c688) thrown at [D:\src\AOSP-openjdk-cygwin\jdk8u\hotspot\src\share\vm\prims\jni.cpp, line 1613]
Event: 12.865 Thread 0x000000001ad0c000 Exception <a 'java/lang/NoSuchMethodError': <clinit>> (0x00000000e0a27148) thrown at [D:\src\AOSP-openjdk-cygwin\jdk8u\hotspot\src\share\vm\prims\jni.cpp, line 1613]

Events (10 events):
Event: 13.185 loading class org/codehaus/groovy/reflection/CachedClass$4
Event: 13.185 loading class org/codehaus/groovy/reflection/CachedClass$4 done
Event: 13.186 loading class org/codehaus/groovy/reflection/CachedClass$5
Event: 13.186 loading class org/codehaus/groovy/reflection/CachedClass$5 done
Event: 13.186 loading class org/codehaus/groovy/reflection/CachedClass$6
Event: 13.186 loading class org/codehaus/groovy/reflection/CachedClass$6 done
Event: 13.186 loading class org/codehaus/groovy/reflection/CachedClass$7
Event: 13.186 loading class org/codehaus/groovy/reflection/CachedClass$7 done
Event: 13.187 loading class org/codehaus/groovy/reflection/CachedClass$8
Event: 13.187 loading class org/codehaus/groovy/reflection/CachedClass$8 done


Dynamic libraries:
0x00007ff645230000 - 0x00007ff645261000 	C:\Program Files\Android\Android Studio\jre\bin\java.exe
0x00007ff89b7e0000 - 0x00007ff89b9c0000 	C:\WINDOWS\SYSTEM32\ntdll.dll
0x00007ff898cb0000 - 0x00007ff898d5e000 	C:\WINDOWS\System32\KERNEL32.DLL
0x00007ff8986e0000 - 0x00007ff898946000 	C:\WINDOWS\System32\KERNELBASE.dll
0x00007ff898d60000 - 0x00007ff898e01000 	C:\WINDOWS\System32\ADVAPI32.dll
0x00007ff89b480000 - 0x00007ff89b51d000 	C:\WINDOWS\System32\msvcrt.dll
0x00007ff89b1e0000 - 0x00007ff89b23b000 	C:\WINDOWS\System32\sechost.dll
0x00007ff89ac90000 - 0x00007ff89adaf000 	C:\WINDOWS\System32\RPCRT4.dll
0x00007ff89b5c0000 - 0x00007ff89b74f000 	C:\WINDOWS\System32\USER32.dll
0x00007ff898bc0000 - 0x00007ff898be0000 	C:\WINDOWS\System32\win32u.dll
0x00007ff89ac60000 - 0x00007ff89ac88000 	C:\WINDOWS\System32\GDI32.dll
0x00007ff897ce0000 - 0x00007ff897e73000 	C:\WINDOWS\System32\gdi32full.dll
0x00007ff898b20000 - 0x00007ff898bbb000 	C:\WINDOWS\System32\msvcp_win.dll
0x00007ff897be0000 - 0x00007ff897cd6000 	C:\WINDOWS\System32\ucrtbase.dll
0x00007ff88c2c0000 - 0x00007ff88c529000 	C:\WINDOWS\WinSxS\amd64_microsoft.windows.common-controls_6595b64144ccf1df_6.0.16299.371_none_15c7d1789365a290\COMCTL32.dll
0x00007ff89adc0000 - 0x00007ff89b0c8000 	C:\WINDOWS\System32\combase.dll
0x00007ff898c30000 - 0x00007ff898ca2000 	C:\WINDOWS\System32\bcryptPrimitives.dll
0x00007ff89aa50000 - 0x00007ff89aa7d000 	C:\WINDOWS\System32\IMM32.DLL
0x00000000672d0000 - 0x00000000673a2000 	C:\Program Files\Android\Android Studio\jre\jre\bin\msvcr100.dll
0x00000000673b0000 - 0x0000000067bef000 	C:\Program Files\Android\Android Studio\jre\jre\bin\server\jvm.dll
0x00007ff89ac50000 - 0x00007ff89ac58000 	C:\WINDOWS\System32\PSAPI.DLL
0x00007ff891290000 - 0x00007ff89129a000 	C:\WINDOWS\SYSTEM32\VERSION.dll
0x00007ff88d3c0000 - 0x00007ff88d3e3000 	C:\WINDOWS\SYSTEM32\WINMM.dll
0x00007ff8948e0000 - 0x00007ff8948e9000 	C:\WINDOWS\SYSTEM32\WSOCK32.dll
0x00007ff89b410000 - 0x00007ff89b47c000 	C:\WINDOWS\System32\WS2_32.dll
0x00007ff88d2d0000 - 0x00007ff88d2fa000 	C:\WINDOWS\SYSTEM32\WINMMBASE.dll
0x00007ff898be0000 - 0x00007ff898c2a000 	C:\WINDOWS\System32\cfgmgr32.dll
0x00007ff8948d0000 - 0x00007ff8948df000 	C:\Program Files\Android\Android Studio\jre\jre\bin\verify.dll
0x00007ff88d8b0000 - 0x00007ff88d8d9000 	C:\Program Files\Android\Android Studio\jre\jre\bin\java.dll
0x00007ff88eb30000 - 0x00007ff88eb46000 	C:\Program Files\Android\Android Studio\jre\jre\bin\zip.dll
0x00007ff899460000 - 0x00007ff89a896000 	C:\WINDOWS\System32\SHELL32.dll
0x00007ff8993b0000 - 0x00007ff899456000 	C:\WINDOWS\System32\shcore.dll
0x00007ff897f90000 - 0x00007ff8986d7000 	C:\WINDOWS\System32\windows.storage.dll
0x00007ff89a9f0000 - 0x00007ff89aa41000 	C:\WINDOWS\System32\shlwapi.dll
0x00007ff897b30000 - 0x00007ff897b41000 	C:\WINDOWS\System32\kernel.appcore.dll
0x00007ff897b70000 - 0x00007ff897bbc000 	C:\WINDOWS\System32\powrprof.dll
0x00007ff897b50000 - 0x00007ff897b6b000 	C:\WINDOWS\System32\profapi.dll
0x00007ff88d9e0000 - 0x00007ff88d9fa000 	C:\Program Files\Android\Android Studio\jre\jre\bin\net.dll
0x00007ff897360000 - 0x00007ff8973c6000 	C:\WINDOWS\system32\mswsock.dll
0x00007ff88b030000 - 0x00007ff88b041000 	C:\Program Files\Android\Android Studio\jre\jre\bin\nio.dll
0x00007ff8920f0000 - 0x00007ff89210e000 	C:\Users\pedua\.gradle\native\23\windows-amd64\native-platform.dll
0x00007ff897520000 - 0x00007ff897537000 	C:\WINDOWS\SYSTEM32\CRYPTSP.dll
0x00007ff896f60000 - 0x00007ff896f93000 	C:\WINDOWS\system32\rsaenh.dll
0x00007ff897630000 - 0x00007ff897655000 	C:\WINDOWS\SYSTEM32\bcrypt.dll
0x00007ff897a60000 - 0x00007ff897a89000 	C:\WINDOWS\SYSTEM32\USERENV.dll
0x00007ff897540000 - 0x00007ff89754b000 	C:\WINDOWS\SYSTEM32\CRYPTBASE.dll
0x00007ff8970f0000 - 0x00007ff897129000 	C:\WINDOWS\SYSTEM32\IPHLPAPI.DLL
0x00007ff89b400000 - 0x00007ff89b408000 	C:\WINDOWS\System32\NSI.dll
0x00007ff892e40000 - 0x00007ff892e56000 	C:\WINDOWS\SYSTEM32\dhcpcsvc6.DLL
0x00007ff892e20000 - 0x00007ff892e3a000 	C:\WINDOWS\SYSTEM32\dhcpcsvc.DLL
0x00007ff88afc0000 - 0x00007ff88afcd000 	C:\Program Files\Android\Android Studio\jre\jre\bin\management.dll

VM Arguments:
jvm_args: -Xmx1536m -Dfile.encoding=windows-1252 -Duser.country=BR -Duser.language=pt -Duser.variant 
java_command: org.gradle.launcher.daemon.bootstrap.GradleDaemon 3.3
java_class_path (initial): C:\Users\pedua\.gradle\wrapper\dists\gradle-3.3-all\55gk2rcmfc6p2dg9u9ohc3hw9\gradle-3.3\lib\gradle-launcher-3.3.jar
Launcher Type: SUN_STANDARD

Environment Variables:
PATH=C:\WINDOWS\system32;C:\WINDOWS;C:\WINDOWS\System32\Wbem;C:\WINDOWS\System32\WindowsPowerShell\v1.0\;C:\Program Files\nodejs\;C:\Program Files\PuTTY\;C:\Program Files\Git\cmd;C:\Users\pedua\AppData\Local\Microsoft\WindowsApps;C:\Users\pedua\AppData\Roaming\npm
USERNAME=pedua
OS=Windows_NT
PROCESSOR_IDENTIFIER=Intel64 Family 6 Model 58 Stepping 9, GenuineIntel



---------------  S Y S T E M  ---------------

OS: Windows 10.0 , 64 bit Build 16299 (10.0.16299.15)

CPU:total 4 (initial active 4) (2 cores per cpu, 2 threads per core) family 6 model 58 stepping 9, cmov, cx8, fxsr, mmx, sse, sse2, sse3, ssse3, sse4.1, sse4.2, popcnt, avx, aes, clmul, erms, ht, tsc, tscinvbit, tscinv

Memory: 4k page, physical 4083992k(299976k free), swap 4083992k(2372k free)

vm_info: OpenJDK 64-Bit Server VM (25.152-b02) for windows-amd64 JRE (1.8.0_152-release-1024-b02), built by "builder" with MS VC++ 10.0 (VS2010)

time: Sat May 05 00:21:27 2018
elapsed time: 13 seconds (0d 0h 0m 13s)

